10:37:45.036 |I| Core                           | RequestBuilder thread:7        | MsBuild process with Id = 9016
10:37:45.038 |I| Core                           | RequestBuilder thread:7        | MsBuild location = C:\Program Files (x86)\Microsoft Visual Studio\2019\Community\MSBuild\Current\Bin\MSBuild.exe
10:37:45.039 |I| Core                           | RequestBuilder thread:7        | ServerGC = False
10:37:45.039 |I| Core                           | RequestBuilder thread:7        | 
10:37:45.039 |I| Core                           | RequestBuilder thread:7        | Start ControllerTask...
10:37:45.040 |I| Core                           | RequestBuilder thread:7        | Detected version: 16.11
10:37:45.042 |I| Core                           | RequestBuilder thread:7        | Creating SocketWire with port = 62293
10:37:45.067 |I| Core                           | RequestBuilder thread:7        | Create protocol...
10:37:45.113 |I| Core                           | RequestBuilder thread:7        | Create MsBuildModel and advise for new sessions...
10:37:45.139 |I| Core                           | RequestBuilder thread:7        | Subscribe for changes...
10:37:45.140 |I| Core                           | RequestBuilder thread:7        | Setup process watchdog...
10:37:45.142 |I| Core                           | RequestBuilder thread:7        | Run dispatcher...
10:37:45.144 |I| ProcessWatchdog                | WatchParentPid:2416:11         | Monitoring parent process PID:2416
10:37:45.262 |I| Core                           | RequestBuilder thread:7        | Get protocol session 'RdProjectModelSession'
10:37:45.267 |I| Core                           | RequestBuilder thread:7        | Msbuild session 'ProjectModelSessionHost' created
10:37:45.323 |I| ProjectModel                   | RequestBuilder thread:7        | Reloading 67 project(s) in 1 node(s)...
10:37:45.324 |I| ProjectModel                   | RequestBuilder thread:7        | Reason: ColdStartup
10:37:45.328 |I| Build                          | :3                             | Build started.
10:37:45.336 |I| BuildQueue                     | RequestBuilder thread:7        | Build queue: False
10:37:46.197 |I| ProjectModel                   | RequestBuilder thread:7        | Project 'UnityEngine.SpatialTracking.csproj' has load-time sensitive targets: XamlMarkupCompilePass1
10:37:46.198 |I| BuildQueue                     | RequestBuilder thread:7        | Build immediately: UnityEngine.SpatialTracking.csproj
10:37:46.200 |I| Build                          | RequestBuilder thread:7        | Start build 'UnityEngine.SpatialTracking.csproj' with 1 target frameworks
10:37:46.202 |I| Build                          | RequestBuilder thread:7        | Targets for build: _CheckForInvalidConfigurationAndPlatform;CollectCentralPackageVersions;ResolveReferences;ResolveProjectReferences;ResolveAssemblyReferences;ResolveComReferences;ResolveNativeReferences;ResolveSdkReferences;ResolveFrameworkReferences;ResolvePackageDependenciesDesignTime;DesignTimeMarkupCompilation;Compile;CoreCompile;XamlMarkupCompilePass1
10:37:46.204 |I| ProjectModel                   | RequestBuilder thread:7        | Project 'UnityEngine.SpatialTracking.Player.csproj' has load-time sensitive targets: XamlMarkupCompilePass1
10:37:46.204 |I| BuildQueue                     | RequestBuilder thread:7        | Build immediately: UnityEngine.SpatialTracking.Player.csproj
10:37:46.204 |I| Build                          | RequestBuilder thread:7        | Start build 'UnityEngine.SpatialTracking.Player.csproj' with 1 target frameworks
10:37:46.206 |I| Build                          | RequestBuilder thread:7        | Targets for build: _CheckForInvalidConfigurationAndPlatform;CollectCentralPackageVersions;ResolveReferences;ResolveProjectReferences;ResolveAssemblyReferences;ResolveComReferences;ResolveNativeReferences;ResolveSdkReferences;ResolveFrameworkReferences;ResolvePackageDependenciesDesignTime;DesignTimeMarkupCompilation;Compile;CoreCompile;XamlMarkupCompilePass1
10:37:46.207 |I| ProjectModel                   | RequestBuilder thread:7        | Project 'Unity.XR.Interaction.Toolkit.Samples.StarterAssets.csproj' has load-time sensitive targets: XamlMarkupCompilePass1
10:37:46.207 |I| BuildQueue                     | RequestBuilder thread:7        | Build immediately: Unity.XR.Interaction.Toolkit.Samples.StarterAssets.csproj
10:37:46.207 |I| Build                          | RequestBuilder thread:7        | Start build 'Unity.XR.Interaction.Toolkit.Samples.StarterAssets.csproj' with 1 target frameworks
10:37:46.207 |I| Build                          | RequestBuilder thread:7        | Targets for build: _CheckForInvalidConfigurationAndPlatform;CollectCentralPackageVersions;ResolveReferences;ResolveProjectReferences;ResolveAssemblyReferences;ResolveComReferences;ResolveNativeReferences;ResolveSdkReferences;ResolveFrameworkReferences;ResolvePackageDependenciesDesignTime;DesignTimeMarkupCompilation;Compile;CoreCompile;XamlMarkupCompilePass1
10:37:46.207 |I| ProjectModel                   | RequestBuilder thread:7        | Project 'Unity.Performance.Profile-Analyzer.Editor.csproj' has load-time sensitive targets: XamlMarkupCompilePass1
10:37:46.207 |I| BuildQueue                     | RequestBuilder thread:7        | Build immediately: Unity.Performance.Profile-Analyzer.Editor.csproj
10:37:46.208 |I| Build                          | RequestBuilder thread:7        | Start build 'Unity.Performance.Profile-Analyzer.Editor.csproj' with 1 target frameworks
10:37:46.209 |I| Build                          | RequestBuilder thread:7        | Targets for build: _CheckForInvalidConfigurationAndPlatform;CollectCentralPackageVersions;ResolveReferences;ResolveProjectReferences;ResolveAssemblyReferences;ResolveComReferences;ResolveNativeReferences;ResolveSdkReferences;ResolveFrameworkReferences;ResolvePackageDependenciesDesignTime;DesignTimeMarkupCompilation;Compile;CoreCompile;XamlMarkupCompilePass1
10:37:46.209 |I| ProjectModel                   | RequestBuilder thread:7        | Project 'Unity.XR.Hands.csproj' has load-time sensitive targets: XamlMarkupCompilePass1
10:37:46.209 |I| BuildQueue                     | RequestBuilder thread:7        | Build immediately: Unity.XR.Hands.csproj
10:37:46.209 |I| Build                          | RequestBuilder thread:7        | Start build 'Unity.XR.Hands.csproj' with 1 target frameworks
10:37:46.210 |I| Build                          | RequestBuilder thread:7        | Targets for build: _CheckForInvalidConfigurationAndPlatform;CollectCentralPackageVersions;ResolveReferences;ResolveProjectReferences;ResolveAssemblyReferences;ResolveComReferences;ResolveNativeReferences;ResolveSdkReferences;ResolveFrameworkReferences;ResolvePackageDependenciesDesignTime;DesignTimeMarkupCompilation;Compile;CoreCompile;XamlMarkupCompilePass1
10:37:46.210 |I| ProjectModel                   | RequestBuilder thread:7        | Project 'Unity.XR.Management.Editor.csproj' has load-time sensitive targets: XamlMarkupCompilePass1
10:37:46.210 |I| BuildQueue                     | RequestBuilder thread:7        | Build immediately: Unity.XR.Management.Editor.csproj
10:37:46.210 |I| Build                          | RequestBuilder thread:7        | Start build 'Unity.XR.Management.Editor.csproj' with 1 target frameworks
10:37:46.226 |I| Build                          | RequestBuilder thread:7        | Targets for build: _CheckForInvalidConfigurationAndPlatform;CollectCentralPackageVersions;ResolveReferences;ResolveProjectReferences;ResolveAssemblyReferences;ResolveComReferences;ResolveNativeReferences;ResolveSdkReferences;ResolveFrameworkReferences;ResolvePackageDependenciesDesignTime;DesignTimeMarkupCompilation;Compile;CoreCompile;XamlMarkupCompilePass1
10:37:46.226 |I| ProjectModel                   | RequestBuilder thread:7        | Project 'UnityEngine.UI.csproj' has load-time sensitive targets: XamlMarkupCompilePass1
10:37:46.226 |I| BuildQueue                     | RequestBuilder thread:7        | Build immediately: UnityEngine.UI.csproj
10:37:46.226 |I| Build                          | RequestBuilder thread:7        | Start build 'UnityEngine.UI.csproj' with 1 target frameworks
10:37:46.227 |I| Build                          | RequestBuilder thread:7        | Targets for build: _CheckForInvalidConfigurationAndPlatform;CollectCentralPackageVersions;ResolveReferences;ResolveProjectReferences;ResolveAssemblyReferences;ResolveComReferences;ResolveNativeReferences;ResolveSdkReferences;ResolveFrameworkReferences;ResolvePackageDependenciesDesignTime;DesignTimeMarkupCompilation;Compile;CoreCompile;XamlMarkupCompilePass1
10:37:46.228 |I| ProjectModel                   | RequestBuilder thread:7        | Project 'UnityEngine.UI.Player.csproj' has load-time sensitive targets: XamlMarkupCompilePass1
10:37:46.228 |I| BuildQueue                     | RequestBuilder thread:7        | Build immediately: UnityEngine.UI.Player.csproj
10:37:46.228 |I| Build                          | RequestBuilder thread:7        | Start build 'UnityEngine.UI.Player.csproj' with 1 target frameworks
10:37:46.228 |I| Build                          | RequestBuilder thread:7        | Targets for build: _CheckForInvalidConfigurationAndPlatform;CollectCentralPackageVersions;ResolveReferences;ResolveProjectReferences;ResolveAssemblyReferences;ResolveComReferences;ResolveNativeReferences;ResolveSdkReferences;ResolveFrameworkReferences;ResolvePackageDependenciesDesignTime;DesignTimeMarkupCompilation;Compile;CoreCompile;XamlMarkupCompilePass1
10:37:46.229 |I| ProjectModel                   | RequestBuilder thread:7        | Project 'Unity.InputSystem.TestFramework.csproj' has load-time sensitive targets: XamlMarkupCompilePass1
10:37:46.229 |I| BuildQueue                     | RequestBuilder thread:7        | Build immediately: Unity.InputSystem.TestFramework.csproj
10:37:46.229 |I| Build                          | RequestBuilder thread:7        | Start build 'Unity.InputSystem.TestFramework.csproj' with 1 target frameworks
10:37:46.229 |I| Build                          | RequestBuilder thread:7        | Targets for build: _CheckForInvalidConfigurationAndPlatform;CollectCentralPackageVersions;ResolveReferences;ResolveProjectReferences;ResolveAssemblyReferences;ResolveComReferences;ResolveNativeReferences;ResolveSdkReferences;ResolveFrameworkReferences;ResolvePackageDependenciesDesignTime;DesignTimeMarkupCompilation;Compile;CoreCompile;XamlMarkupCompilePass1
10:37:46.229 |I| ProjectModel                   | RequestBuilder thread:7        | Project 'Unity.VSCode.Editor.csproj' has load-time sensitive targets: XamlMarkupCompilePass1
10:37:46.229 |I| BuildQueue                     | RequestBuilder thread:7        | Build immediately: Unity.VSCode.Editor.csproj
10:37:46.229 |I| Build                          | RequestBuilder thread:7        | Start build 'Unity.VSCode.Editor.csproj' with 1 target frameworks
10:37:46.230 |I| Build                          | RequestBuilder thread:7        | Targets for build: _CheckForInvalidConfigurationAndPlatform;CollectCentralPackageVersions;ResolveReferences;ResolveProjectReferences;ResolveAssemblyReferences;ResolveComReferences;ResolveNativeReferences;ResolveSdkReferences;ResolveFrameworkReferences;ResolvePackageDependenciesDesignTime;DesignTimeMarkupCompilation;Compile;CoreCompile;XamlMarkupCompilePass1
10:37:46.230 |I| ProjectModel                   | RequestBuilder thread:7        | Project 'UnityEngine.TestRunner.Player.csproj' has load-time sensitive targets: XamlMarkupCompilePass1
10:37:46.230 |I| BuildQueue                     | RequestBuilder thread:7        | Build immediately: UnityEngine.TestRunner.Player.csproj
10:37:46.230 |I| Build                          | RequestBuilder thread:7        | Start build 'UnityEngine.TestRunner.Player.csproj' with 1 target frameworks
10:37:46.231 |I| Build                          | RequestBuilder thread:7        | Targets for build: _CheckForInvalidConfigurationAndPlatform;CollectCentralPackageVersions;ResolveReferences;ResolveProjectReferences;ResolveAssemblyReferences;ResolveComReferences;ResolveNativeReferences;ResolveSdkReferences;ResolveFrameworkReferences;ResolvePackageDependenciesDesignTime;DesignTimeMarkupCompilation;Compile;CoreCompile;XamlMarkupCompilePass1
10:37:46.231 |I| ProjectModel                   | RequestBuilder thread:7        | Project 'UnityEngine.TestRunner.csproj' has load-time sensitive targets: XamlMarkupCompilePass1
10:37:46.231 |I| BuildQueue                     | RequestBuilder thread:7        | Build immediately: UnityEngine.TestRunner.csproj
10:37:46.231 |I| Build                          | RequestBuilder thread:7        | Start build 'UnityEngine.TestRunner.csproj' with 1 target frameworks
10:37:46.232 |I| Build                          | RequestBuilder thread:7        | Targets for build: _CheckForInvalidConfigurationAndPlatform;CollectCentralPackageVersions;ResolveReferences;ResolveProjectReferences;ResolveAssemblyReferences;ResolveComReferences;ResolveNativeReferences;ResolveSdkReferences;ResolveFrameworkReferences;ResolvePackageDependenciesDesignTime;DesignTimeMarkupCompilation;Compile;CoreCompile;XamlMarkupCompilePass1
10:37:46.232 |I| ProjectModel                   | RequestBuilder thread:7        | Project 'UnityEditor.UI.csproj' has load-time sensitive targets: XamlMarkupCompilePass1
10:37:46.232 |I| BuildQueue                     | RequestBuilder thread:7        | Build immediately: UnityEditor.UI.csproj
10:37:46.232 |I| Build                          | RequestBuilder thread:7        | Start build 'UnityEditor.UI.csproj' with 1 target frameworks
10:37:46.232 |I| Build                          | RequestBuilder thread:7        | Targets for build: _CheckForInvalidConfigurationAndPlatform;CollectCentralPackageVersions;ResolveReferences;ResolveProjectReferences;ResolveAssemblyReferences;ResolveComReferences;ResolveNativeReferences;ResolveSdkReferences;ResolveFrameworkReferences;ResolvePackageDependenciesDesignTime;DesignTimeMarkupCompilation;Compile;CoreCompile;XamlMarkupCompilePass1
10:37:46.232 |I| ProjectModel                   | RequestBuilder thread:7        | Project 'Unity.PlasticSCM.Editor.csproj' has load-time sensitive targets: XamlMarkupCompilePass1
10:37:46.232 |I| BuildQueue                     | RequestBuilder thread:7        | Build immediately: Unity.PlasticSCM.Editor.csproj
10:37:46.233 |I| Build                          | RequestBuilder thread:7        | Start build 'Unity.PlasticSCM.Editor.csproj' with 1 target frameworks
10:37:46.233 |I| Build                          | RequestBuilder thread:7        | Targets for build: _CheckForInvalidConfigurationAndPlatform;CollectCentralPackageVersions;ResolveReferences;ResolveProjectReferences;ResolveAssemblyReferences;ResolveComReferences;ResolveNativeReferences;ResolveSdkReferences;ResolveFrameworkReferences;ResolvePackageDependenciesDesignTime;DesignTimeMarkupCompilation;Compile;CoreCompile;XamlMarkupCompilePass1
10:37:46.233 |I| ProjectModel                   | RequestBuilder thread:7        | Project 'Unity.VisualScripting.Flow.csproj' has load-time sensitive targets: XamlMarkupCompilePass1
10:37:46.233 |I| BuildQueue                     | RequestBuilder thread:7        | Build immediately: Unity.VisualScripting.Flow.csproj
10:37:46.233 |I| Build                          | RequestBuilder thread:7        | Start build 'Unity.VisualScripting.Flow.csproj' with 1 target frameworks
10:37:46.234 |I| Build                          | RequestBuilder thread:7        | Targets for build: _CheckForInvalidConfigurationAndPlatform;CollectCentralPackageVersions;ResolveReferences;ResolveProjectReferences;ResolveAssemblyReferences;ResolveComReferences;ResolveNativeReferences;ResolveSdkReferences;ResolveFrameworkReferences;ResolvePackageDependenciesDesignTime;DesignTimeMarkupCompilation;Compile;CoreCompile;XamlMarkupCompilePass1
10:37:46.234 |I| ProjectModel                   | RequestBuilder thread:7        | Project 'Unity.VisualScripting.Flow.Player.csproj' has load-time sensitive targets: XamlMarkupCompilePass1
10:37:46.235 |I| BuildQueue                     | RequestBuilder thread:7        | Build immediately: Unity.VisualScripting.Flow.Player.csproj
10:37:46.235 |I| Build                          | RequestBuilder thread:7        | Start build 'Unity.VisualScripting.Flow.Player.csproj' with 1 target frameworks
10:37:46.235 |I| Build                          | RequestBuilder thread:7        | Targets for build: _CheckForInvalidConfigurationAndPlatform;CollectCentralPackageVersions;ResolveReferences;ResolveProjectReferences;ResolveAssemblyReferences;ResolveComReferences;ResolveNativeReferences;ResolveSdkReferences;ResolveFrameworkReferences;ResolvePackageDependenciesDesignTime;DesignTimeMarkupCompilation;Compile;CoreCompile;XamlMarkupCompilePass1
10:37:46.235 |I| ProjectModel                   | RequestBuilder thread:7        | Project 'Unity.TestTools.CodeCoverage.Editor.OpenCover.Model.csproj' has load-time sensitive targets: XamlMarkupCompilePass1
10:37:46.235 |I| BuildQueue                     | RequestBuilder thread:7        | Build immediately: Unity.TestTools.CodeCoverage.Editor.OpenCover.Model.csproj
10:37:46.235 |I| Build                          | RequestBuilder thread:7        | Start build 'Unity.TestTools.CodeCoverage.Editor.OpenCover.Model.csproj' with 1 target frameworks
10:37:46.236 |I| Build                          | RequestBuilder thread:7        | Targets for build: _CheckForInvalidConfigurationAndPlatform;CollectCentralPackageVersions;ResolveReferences;ResolveProjectReferences;ResolveAssemblyReferences;ResolveComReferences;ResolveNativeReferences;ResolveSdkReferences;ResolveFrameworkReferences;ResolvePackageDependenciesDesignTime;DesignTimeMarkupCompilation;Compile;CoreCompile;XamlMarkupCompilePass1
10:37:46.236 |I| ProjectModel                   | RequestBuilder thread:7        | Project 'Unity.XR.Interaction.Toolkit.csproj' has load-time sensitive targets: XamlMarkupCompilePass1
10:37:46.237 |I| BuildQueue                     | RequestBuilder thread:7        | Build immediately: Unity.XR.Interaction.Toolkit.csproj
10:37:46.237 |I| Build                          | RequestBuilder thread:7        | Start build 'Unity.XR.Interaction.Toolkit.csproj' with 1 target frameworks
10:37:46.238 |I| Build                          | RequestBuilder thread:7        | Targets for build: _CheckForInvalidConfigurationAndPlatform;CollectCentralPackageVersions;ResolveReferences;ResolveProjectReferences;ResolveAssemblyReferences;ResolveComReferences;ResolveNativeReferences;ResolveSdkReferences;ResolveFrameworkReferences;ResolvePackageDependenciesDesignTime;DesignTimeMarkupCompilation;Compile;CoreCompile;XamlMarkupCompilePass1
10:37:46.238 |I| ProjectModel                   | RequestBuilder thread:7        | Project 'Unity.XR.Interaction.Toolkit.Player.csproj' has load-time sensitive targets: XamlMarkupCompilePass1
10:37:46.238 |I| BuildQueue                     | RequestBuilder thread:7        | Build immediately: Unity.XR.Interaction.Toolkit.Player.csproj
10:37:46.239 |I| Build                          | RequestBuilder thread:7        | Start build 'Unity.XR.Interaction.Toolkit.Player.csproj' with 1 target frameworks
10:37:46.240 |I| Build                          | RequestBuilder thread:7        | Targets for build: _CheckForInvalidConfigurationAndPlatform;CollectCentralPackageVersions;ResolveReferences;ResolveProjectReferences;ResolveAssemblyReferences;ResolveComReferences;ResolveNativeReferences;ResolveSdkReferences;ResolveFrameworkReferences;ResolvePackageDependenciesDesignTime;DesignTimeMarkupCompilation;Compile;CoreCompile;XamlMarkupCompilePass1
10:37:46.240 |I| ProjectModel                   | RequestBuilder thread:7        | Project 'Unity.VisualScripting.Core.Editor.csproj' has load-time sensitive targets: XamlMarkupCompilePass1
10:37:46.240 |I| BuildQueue                     | RequestBuilder thread:7        | Build immediately: Unity.VisualScripting.Core.Editor.csproj
10:37:46.240 |I| Build                          | RequestBuilder thread:7        | Start build 'Unity.VisualScripting.Core.Editor.csproj' with 1 target frameworks
10:37:46.241 |I| Build                          | RequestBuilder thread:7        | Targets for build: _CheckForInvalidConfigurationAndPlatform;CollectCentralPackageVersions;ResolveReferences;ResolveProjectReferences;ResolveAssemblyReferences;ResolveComReferences;ResolveNativeReferences;ResolveSdkReferences;ResolveFrameworkReferences;ResolvePackageDependenciesDesignTime;DesignTimeMarkupCompilation;Compile;CoreCompile;XamlMarkupCompilePass1
10:37:46.241 |I| ProjectModel                   | RequestBuilder thread:7        | Project 'Unity.EditorCoroutines.Editor.csproj' has load-time sensitive targets: XamlMarkupCompilePass1
10:37:46.241 |I| BuildQueue                     | RequestBuilder thread:7        | Build immediately: Unity.EditorCoroutines.Editor.csproj
10:37:46.241 |I| Build                          | RequestBuilder thread:7        | Start build 'Unity.EditorCoroutines.Editor.csproj' with 1 target frameworks
10:37:46.242 |I| Build                          | RequestBuilder thread:7        | Targets for build: _CheckForInvalidConfigurationAndPlatform;CollectCentralPackageVersions;ResolveReferences;ResolveProjectReferences;ResolveAssemblyReferences;ResolveComReferences;ResolveNativeReferences;ResolveSdkReferences;ResolveFrameworkReferences;ResolvePackageDependenciesDesignTime;DesignTimeMarkupCompilation;Compile;CoreCompile;XamlMarkupCompilePass1
10:37:46.242 |I| ProjectModel                   | RequestBuilder thread:7        | Project 'Unity.Mathematics.csproj' has load-time sensitive targets: XamlMarkupCompilePass1
10:37:46.242 |I| BuildQueue                     | RequestBuilder thread:7        | Build immediately: Unity.Mathematics.csproj
10:37:46.242 |I| Build                          | RequestBuilder thread:7        | Start build 'Unity.Mathematics.csproj' with 1 target frameworks
10:37:46.242 |I| Build                          | RequestBuilder thread:7        | Targets for build: _CheckForInvalidConfigurationAndPlatform;CollectCentralPackageVersions;ResolveReferences;ResolveProjectReferences;ResolveAssemblyReferences;ResolveComReferences;ResolveNativeReferences;ResolveSdkReferences;ResolveFrameworkReferences;ResolvePackageDependenciesDesignTime;DesignTimeMarkupCompilation;Compile;CoreCompile;XamlMarkupCompilePass1
10:37:46.243 |I| ProjectModel                   | RequestBuilder thread:7        | Project 'Unity.Mathematics.Player.csproj' has load-time sensitive targets: XamlMarkupCompilePass1
10:37:46.243 |I| BuildQueue                     | RequestBuilder thread:7        | Build immediately: Unity.Mathematics.Player.csproj
10:37:46.243 |I| Build                          | RequestBuilder thread:7        | Start build 'Unity.Mathematics.Player.csproj' with 1 target frameworks
10:37:46.243 |I| Build                          | RequestBuilder thread:7        | Targets for build: _CheckForInvalidConfigurationAndPlatform;CollectCentralPackageVersions;ResolveReferences;ResolveProjectReferences;ResolveAssemblyReferences;ResolveComReferences;ResolveNativeReferences;ResolveSdkReferences;ResolveFrameworkReferences;ResolvePackageDependenciesDesignTime;DesignTimeMarkupCompilation;Compile;CoreCompile;XamlMarkupCompilePass1
10:37:46.243 |I| ProjectModel                   | RequestBuilder thread:7        | Project 'Unity.VisualScripting.Flow.Editor.csproj' has load-time sensitive targets: XamlMarkupCompilePass1
10:37:46.243 |I| BuildQueue                     | RequestBuilder thread:7        | Build immediately: Unity.VisualScripting.Flow.Editor.csproj
10:37:46.243 |I| Build                          | RequestBuilder thread:7        | Start build 'Unity.VisualScripting.Flow.Editor.csproj' with 1 target frameworks
10:37:46.244 |I| Build                          | RequestBuilder thread:7        | Targets for build: _CheckForInvalidConfigurationAndPlatform;CollectCentralPackageVersions;ResolveReferences;ResolveProjectReferences;ResolveAssemblyReferences;ResolveComReferences;ResolveNativeReferences;ResolveSdkReferences;ResolveFrameworkReferences;ResolvePackageDependenciesDesignTime;DesignTimeMarkupCompilation;Compile;CoreCompile;XamlMarkupCompilePass1
10:37:46.244 |I| ProjectModel                   | RequestBuilder thread:7        | Project 'Unity.Settings.Editor.csproj' has load-time sensitive targets: XamlMarkupCompilePass1
10:37:46.244 |I| BuildQueue                     | RequestBuilder thread:7        | Build immediately: Unity.Settings.Editor.csproj
10:37:46.244 |I| Build                          | RequestBuilder thread:7        | Start build 'Unity.Settings.Editor.csproj' with 1 target frameworks
10:37:46.245 |I| Build                          | RequestBuilder thread:7        | Targets for build: _CheckForInvalidConfigurationAndPlatform;CollectCentralPackageVersions;ResolveReferences;ResolveProjectReferences;ResolveAssemblyReferences;ResolveComReferences;ResolveNativeReferences;ResolveSdkReferences;ResolveFrameworkReferences;ResolvePackageDependenciesDesignTime;DesignTimeMarkupCompilation;Compile;CoreCompile;XamlMarkupCompilePass1
10:37:46.249 |I| ProjectModel                   | RequestBuilder thread:7        | Project 'Unity.InputSystem.csproj' has load-time sensitive targets: XamlMarkupCompilePass1
10:37:46.249 |I| BuildQueue                     | RequestBuilder thread:7        | Build immediately: Unity.InputSystem.csproj
10:37:46.249 |I| Build                          | RequestBuilder thread:7        | Start build 'Unity.InputSystem.csproj' with 1 target frameworks
10:37:46.250 |I| Build                          | RequestBuilder thread:7        | Targets for build: _CheckForInvalidConfigurationAndPlatform;CollectCentralPackageVersions;ResolveReferences;ResolveProjectReferences;ResolveAssemblyReferences;ResolveComReferences;ResolveNativeReferences;ResolveSdkReferences;ResolveFrameworkReferences;ResolvePackageDependenciesDesignTime;DesignTimeMarkupCompilation;Compile;CoreCompile;XamlMarkupCompilePass1
10:37:46.250 |I| ProjectModel                   | RequestBuilder thread:7        | Project 'UnityEditor.SpatialTracking.csproj' has load-time sensitive targets: XamlMarkupCompilePass1
10:37:46.251 |I| BuildQueue                     | RequestBuilder thread:7        | Build immediately: UnityEditor.SpatialTracking.csproj
10:37:46.251 |I| Build                          | RequestBuilder thread:7        | Start build 'UnityEditor.SpatialTracking.csproj' with 1 target frameworks
10:37:46.251 |I| Build                          | RequestBuilder thread:7        | Targets for build: _CheckForInvalidConfigurationAndPlatform;CollectCentralPackageVersions;ResolveReferences;ResolveProjectReferences;ResolveAssemblyReferences;ResolveComReferences;ResolveNativeReferences;ResolveSdkReferences;ResolveFrameworkReferences;ResolvePackageDependenciesDesignTime;DesignTimeMarkupCompilation;Compile;CoreCompile;XamlMarkupCompilePass1
10:37:46.251 |I| ProjectModel                   | RequestBuilder thread:7        | Project 'Unity.VisualStudio.Editor.csproj' has load-time sensitive targets: XamlMarkupCompilePass1
10:37:46.251 |I| BuildQueue                     | RequestBuilder thread:7        | Build immediately: Unity.VisualStudio.Editor.csproj
10:37:46.251 |I| Build                          | RequestBuilder thread:7        | Start build 'Unity.VisualStudio.Editor.csproj' with 1 target frameworks
10:37:46.252 |I| Build                          | RequestBuilder thread:7        | Targets for build: _CheckForInvalidConfigurationAndPlatform;CollectCentralPackageVersions;ResolveReferences;ResolveProjectReferences;ResolveAssemblyReferences;ResolveComReferences;ResolveNativeReferences;ResolveSdkReferences;ResolveFrameworkReferences;ResolvePackageDependenciesDesignTime;DesignTimeMarkupCompilation;Compile;CoreCompile;XamlMarkupCompilePass1
10:37:46.252 |I| ProjectModel                   | RequestBuilder thread:7        | Project 'Unity.InputSystem.Player.csproj' has load-time sensitive targets: XamlMarkupCompilePass1
10:37:46.252 |I| BuildQueue                     | RequestBuilder thread:7        | Build immediately: Unity.InputSystem.Player.csproj
10:37:46.252 |I| Build                          | RequestBuilder thread:7        | Start build 'Unity.InputSystem.Player.csproj' with 1 target frameworks
10:37:46.253 |I| Build                          | RequestBuilder thread:7        | Targets for build: _CheckForInvalidConfigurationAndPlatform;CollectCentralPackageVersions;ResolveReferences;ResolveProjectReferences;ResolveAssemblyReferences;ResolveComReferences;ResolveNativeReferences;ResolveSdkReferences;ResolveFrameworkReferences;ResolvePackageDependenciesDesignTime;DesignTimeMarkupCompilation;Compile;CoreCompile;XamlMarkupCompilePass1
10:37:46.254 |I| ProjectModel                   | RequestBuilder thread:7        | Project 'Unity.VisualScripting.State.Player.csproj' has load-time sensitive targets: XamlMarkupCompilePass1
10:37:46.254 |I| BuildQueue                     | RequestBuilder thread:7        | Build immediately: Unity.VisualScripting.State.Player.csproj
10:37:46.254 |I| Build                          | RequestBuilder thread:7        | Start build 'Unity.VisualScripting.State.Player.csproj' with 1 target frameworks
10:37:46.256 |I| Build                          | RequestBuilder thread:7        | Targets for build: _CheckForInvalidConfigurationAndPlatform;CollectCentralPackageVersions;ResolveReferences;ResolveProjectReferences;ResolveAssemblyReferences;ResolveComReferences;ResolveNativeReferences;ResolveSdkReferences;ResolveFrameworkReferences;ResolvePackageDependenciesDesignTime;DesignTimeMarkupCompilation;Compile;CoreCompile;XamlMarkupCompilePass1
10:37:46.256 |I| ProjectModel                   | RequestBuilder thread:7        | Project 'Unity.CollabProxy.Editor.csproj' has load-time sensitive targets: XamlMarkupCompilePass1
10:37:46.256 |I| BuildQueue                     | RequestBuilder thread:7        | Build immediately: Unity.CollabProxy.Editor.csproj
10:37:46.256 |I| Build                          | RequestBuilder thread:7        | Start build 'Unity.CollabProxy.Editor.csproj' with 1 target frameworks
10:37:46.257 |I| Build                          | RequestBuilder thread:7        | Targets for build: _CheckForInvalidConfigurationAndPlatform;CollectCentralPackageVersions;ResolveReferences;ResolveProjectReferences;ResolveAssemblyReferences;ResolveComReferences;ResolveNativeReferences;ResolveSdkReferences;ResolveFrameworkReferences;ResolvePackageDependenciesDesignTime;DesignTimeMarkupCompilation;Compile;CoreCompile;XamlMarkupCompilePass1
10:37:46.257 |I| ProjectModel                   | RequestBuilder thread:7        | Project 'Unity.VisualScripting.State.csproj' has load-time sensitive targets: XamlMarkupCompilePass1
10:37:46.257 |I| BuildQueue                     | RequestBuilder thread:7        | Build immediately: Unity.VisualScripting.State.csproj
10:37:46.257 |I| Build                          | RequestBuilder thread:7        | Start build 'Unity.VisualScripting.State.csproj' with 1 target frameworks
10:37:46.258 |I| Build                          | RequestBuilder thread:7        | Targets for build: _CheckForInvalidConfigurationAndPlatform;CollectCentralPackageVersions;ResolveReferences;ResolveProjectReferences;ResolveAssemblyReferences;ResolveComReferences;ResolveNativeReferences;ResolveSdkReferences;ResolveFrameworkReferences;ResolvePackageDependenciesDesignTime;DesignTimeMarkupCompilation;Compile;CoreCompile;XamlMarkupCompilePass1
10:37:46.258 |I| ProjectModel                   | RequestBuilder thread:7        | Project 'Unity.Timeline.Editor.csproj' has load-time sensitive targets: XamlMarkupCompilePass1
10:37:46.258 |I| BuildQueue                     | RequestBuilder thread:7        | Build immediately: Unity.Timeline.Editor.csproj
10:37:46.258 |I| Build                          | RequestBuilder thread:7        | Start build 'Unity.Timeline.Editor.csproj' with 1 target frameworks
10:37:46.259 |I| Build                          | RequestBuilder thread:7        | Targets for build: _CheckForInvalidConfigurationAndPlatform;CollectCentralPackageVersions;ResolveReferences;ResolveProjectReferences;ResolveAssemblyReferences;ResolveComReferences;ResolveNativeReferences;ResolveSdkReferences;ResolveFrameworkReferences;ResolvePackageDependenciesDesignTime;DesignTimeMarkupCompilation;Compile;CoreCompile;XamlMarkupCompilePass1
10:37:46.259 |I| ProjectModel                   | RequestBuilder thread:7        | Project 'Unity.Mathematics.Editor.csproj' has load-time sensitive targets: XamlMarkupCompilePass1
10:37:46.260 |I| BuildQueue                     | RequestBuilder thread:7        | Build immediately: Unity.Mathematics.Editor.csproj
10:37:46.260 |I| Build                          | RequestBuilder thread:7        | Start build 'Unity.Mathematics.Editor.csproj' with 1 target frameworks
10:37:46.260 |I| Build                          | RequestBuilder thread:7        | Targets for build: _CheckForInvalidConfigurationAndPlatform;CollectCentralPackageVersions;ResolveReferences;ResolveProjectReferences;ResolveAssemblyReferences;ResolveComReferences;ResolveNativeReferences;ResolveSdkReferences;ResolveFrameworkReferences;ResolvePackageDependenciesDesignTime;DesignTimeMarkupCompilation;Compile;CoreCompile;XamlMarkupCompilePass1
10:37:46.260 |I| ProjectModel                   | RequestBuilder thread:7        | Project 'Unity.VisualScripting.Core.Player.csproj' has load-time sensitive targets: XamlMarkupCompilePass1
10:37:46.260 |I| BuildQueue                     | RequestBuilder thread:7        | Build immediately: Unity.VisualScripting.Core.Player.csproj
10:37:46.260 |I| Build                          | RequestBuilder thread:7        | Start build 'Unity.VisualScripting.Core.Player.csproj' with 1 target frameworks
10:37:46.262 |I| Build                          | RequestBuilder thread:7        | Targets for build: _CheckForInvalidConfigurationAndPlatform;CollectCentralPackageVersions;ResolveReferences;ResolveProjectReferences;ResolveAssemblyReferences;ResolveComReferences;ResolveNativeReferences;ResolveSdkReferences;ResolveFrameworkReferences;ResolvePackageDependenciesDesignTime;DesignTimeMarkupCompilation;Compile;CoreCompile;XamlMarkupCompilePass1
10:37:46.262 |I| ProjectModel                   | RequestBuilder thread:7        | Project 'Unity.VisualScripting.State.Editor.csproj' has load-time sensitive targets: XamlMarkupCompilePass1
10:37:46.262 |I| BuildQueue                     | RequestBuilder thread:7        | Build immediately: Unity.VisualScripting.State.Editor.csproj
10:37:46.262 |I| Build                          | RequestBuilder thread:7        | Start build 'Unity.VisualScripting.State.Editor.csproj' with 1 target frameworks
10:37:46.263 |I| Build                          | RequestBuilder thread:7        | Targets for build: _CheckForInvalidConfigurationAndPlatform;CollectCentralPackageVersions;ResolveReferences;ResolveProjectReferences;ResolveAssemblyReferences;ResolveComReferences;ResolveNativeReferences;ResolveSdkReferences;ResolveFrameworkReferences;ResolvePackageDependenciesDesignTime;DesignTimeMarkupCompilation;Compile;CoreCompile;XamlMarkupCompilePass1
10:37:46.263 |I| ProjectModel                   | RequestBuilder thread:7        | Project 'UnityEditor.XR.LegacyInputHelpers.csproj' has load-time sensitive targets: XamlMarkupCompilePass1
10:37:46.263 |I| BuildQueue                     | RequestBuilder thread:7        | Build immediately: UnityEditor.XR.LegacyInputHelpers.csproj
10:37:46.264 |I| Build                          | RequestBuilder thread:7        | Start build 'UnityEditor.XR.LegacyInputHelpers.csproj' with 1 target frameworks
10:37:46.264 |I| Build                          | RequestBuilder thread:7        | Targets for build: _CheckForInvalidConfigurationAndPlatform;CollectCentralPackageVersions;ResolveReferences;ResolveProjectReferences;ResolveAssemblyReferences;ResolveComReferences;ResolveNativeReferences;ResolveSdkReferences;ResolveFrameworkReferences;ResolvePackageDependenciesDesignTime;DesignTimeMarkupCompilation;Compile;CoreCompile;XamlMarkupCompilePass1
10:37:46.264 |I| ProjectModel                   | RequestBuilder thread:7        | Project 'Unity.VisualScripting.Core.csproj' has load-time sensitive targets: XamlMarkupCompilePass1
10:37:46.264 |I| BuildQueue                     | RequestBuilder thread:7        | Build immediately: Unity.VisualScripting.Core.csproj
10:37:46.264 |I| Build                          | RequestBuilder thread:7        | Start build 'Unity.VisualScripting.Core.csproj' with 1 target frameworks
10:37:46.265 |I| Build                          | RequestBuilder thread:7        | Targets for build: _CheckForInvalidConfigurationAndPlatform;CollectCentralPackageVersions;ResolveReferences;ResolveProjectReferences;ResolveAssemblyReferences;ResolveComReferences;ResolveNativeReferences;ResolveSdkReferences;ResolveFrameworkReferences;ResolvePackageDependenciesDesignTime;DesignTimeMarkupCompilation;Compile;CoreCompile;XamlMarkupCompilePass1
10:37:46.265 |I| ProjectModel                   | RequestBuilder thread:7        | Project 'UnityEngine.XR.LegacyInputHelpers.Player.csproj' has load-time sensitive targets: XamlMarkupCompilePass1
10:37:46.266 |I| BuildQueue                     | RequestBuilder thread:7        | Build immediately: UnityEngine.XR.LegacyInputHelpers.Player.csproj
10:37:46.266 |I| Build                          | RequestBuilder thread:7        | Start build 'UnityEngine.XR.LegacyInputHelpers.Player.csproj' with 1 target frameworks
10:37:46.266 |I| Build                          | RequestBuilder thread:7        | Targets for build: _CheckForInvalidConfigurationAndPlatform;CollectCentralPackageVersions;ResolveReferences;ResolveProjectReferences;ResolveAssemblyReferences;ResolveComReferences;ResolveNativeReferences;ResolveSdkReferences;ResolveFrameworkReferences;ResolvePackageDependenciesDesignTime;DesignTimeMarkupCompilation;Compile;CoreCompile;XamlMarkupCompilePass1
10:37:46.266 |I| ProjectModel                   | RequestBuilder thread:7        | Project 'UnityEngine.XR.LegacyInputHelpers.csproj' has load-time sensitive targets: XamlMarkupCompilePass1
10:37:46.266 |I| BuildQueue                     | RequestBuilder thread:7        | Build immediately: UnityEngine.XR.LegacyInputHelpers.csproj
10:37:46.266 |I| Build                          | RequestBuilder thread:7        | Start build 'UnityEngine.XR.LegacyInputHelpers.csproj' with 1 target frameworks
10:37:46.267 |I| Build                          | RequestBuilder thread:7        | Targets for build: _CheckForInvalidConfigurationAndPlatform;CollectCentralPackageVersions;ResolveReferences;ResolveProjectReferences;ResolveAssemblyReferences;ResolveComReferences;ResolveNativeReferences;ResolveSdkReferences;ResolveFrameworkReferences;ResolvePackageDependenciesDesignTime;DesignTimeMarkupCompilation;Compile;CoreCompile;XamlMarkupCompilePass1
10:37:46.267 |I| ProjectModel                   | RequestBuilder thread:7        | Project 'Unity.XR.Oculus.Editor.csproj' has load-time sensitive targets: XamlMarkupCompilePass1
10:37:46.267 |I| BuildQueue                     | RequestBuilder thread:7        | Build immediately: Unity.XR.Oculus.Editor.csproj
10:37:46.267 |I| Build                          | RequestBuilder thread:7        | Start build 'Unity.XR.Oculus.Editor.csproj' with 1 target frameworks
10:37:46.268 |I| Build                          | RequestBuilder thread:7        | Targets for build: _CheckForInvalidConfigurationAndPlatform;CollectCentralPackageVersions;ResolveReferences;ResolveProjectReferences;ResolveAssemblyReferences;ResolveComReferences;ResolveNativeReferences;ResolveSdkReferences;ResolveFrameworkReferences;ResolvePackageDependenciesDesignTime;DesignTimeMarkupCompilation;Compile;CoreCompile;XamlMarkupCompilePass1
10:37:46.268 |I| ProjectModel                   | RequestBuilder thread:7        | Project 'Unity.XR.Interaction.Toolkit.Editor.csproj' has load-time sensitive targets: XamlMarkupCompilePass1
10:37:46.268 |I| BuildQueue                     | RequestBuilder thread:7        | Build immediately: Unity.XR.Interaction.Toolkit.Editor.csproj
10:37:46.268 |I| Build                          | RequestBuilder thread:7        | Start build 'Unity.XR.Interaction.Toolkit.Editor.csproj' with 1 target frameworks
10:37:46.269 |I| Build                          | RequestBuilder thread:7        | Targets for build: _CheckForInvalidConfigurationAndPlatform;CollectCentralPackageVersions;ResolveReferences;ResolveProjectReferences;ResolveAssemblyReferences;ResolveComReferences;ResolveNativeReferences;ResolveSdkReferences;ResolveFrameworkReferences;ResolvePackageDependenciesDesignTime;DesignTimeMarkupCompilation;Compile;CoreCompile;XamlMarkupCompilePass1
10:37:46.269 |I| ProjectModel                   | RequestBuilder thread:7        | Project 'Unity.XR.Hands.Editor.csproj' has load-time sensitive targets: XamlMarkupCompilePass1
10:37:46.270 |I| BuildQueue                     | RequestBuilder thread:7        | Build immediately: Unity.XR.Hands.Editor.csproj
10:37:46.270 |I| Build                          | RequestBuilder thread:7        | Start build 'Unity.XR.Hands.Editor.csproj' with 1 target frameworks
10:37:46.271 |I| Build                          | RequestBuilder thread:7        | Targets for build: _CheckForInvalidConfigurationAndPlatform;CollectCentralPackageVersions;ResolveReferences;ResolveProjectReferences;ResolveAssemblyReferences;ResolveComReferences;ResolveNativeReferences;ResolveSdkReferences;ResolveFrameworkReferences;ResolvePackageDependenciesDesignTime;DesignTimeMarkupCompilation;Compile;CoreCompile;XamlMarkupCompilePass1
10:37:46.271 |I| ProjectModel                   | RequestBuilder thread:7        | Project 'Unity.XR.Oculus.Player.csproj' has load-time sensitive targets: XamlMarkupCompilePass1
10:37:46.271 |I| BuildQueue                     | RequestBuilder thread:7        | Build immediately: Unity.XR.Oculus.Player.csproj
10:37:46.271 |I| Build                          | RequestBuilder thread:7        | Start build 'Unity.XR.Oculus.Player.csproj' with 1 target frameworks
10:37:46.272 |I| Build                          | RequestBuilder thread:7        | Targets for build: _CheckForInvalidConfigurationAndPlatform;CollectCentralPackageVersions;ResolveReferences;ResolveProjectReferences;ResolveAssemblyReferences;ResolveComReferences;ResolveNativeReferences;ResolveSdkReferences;ResolveFrameworkReferences;ResolvePackageDependenciesDesignTime;DesignTimeMarkupCompilation;Compile;CoreCompile;XamlMarkupCompilePass1
10:37:46.272 |I| ProjectModel                   | RequestBuilder thread:7        | Project 'Unity.XR.Oculus.csproj' has load-time sensitive targets: XamlMarkupCompilePass1
10:37:46.272 |I| BuildQueue                     | RequestBuilder thread:7        | Build immediately: Unity.XR.Oculus.csproj
10:37:46.272 |I| Build                          | RequestBuilder thread:7        | Start build 'Unity.XR.Oculus.csproj' with 1 target frameworks
10:37:46.273 |I| Build                          | RequestBuilder thread:7        | Targets for build: _CheckForInvalidConfigurationAndPlatform;CollectCentralPackageVersions;ResolveReferences;ResolveProjectReferences;ResolveAssemblyReferences;ResolveComReferences;ResolveNativeReferences;ResolveSdkReferences;ResolveFrameworkReferences;ResolvePackageDependenciesDesignTime;DesignTimeMarkupCompilation;Compile;CoreCompile;XamlMarkupCompilePass1
10:37:46.273 |I| ProjectModel                   | RequestBuilder thread:7        | Project 'Unity.TextMeshPro.Editor.csproj' has load-time sensitive targets: XamlMarkupCompilePass1
10:37:46.273 |I| BuildQueue                     | RequestBuilder thread:7        | Build immediately: Unity.TextMeshPro.Editor.csproj
10:37:46.273 |I| Build                          | RequestBuilder thread:7        | Start build 'Unity.TextMeshPro.Editor.csproj' with 1 target frameworks
10:37:46.274 |I| Build                          | RequestBuilder thread:7        | Targets for build: _CheckForInvalidConfigurationAndPlatform;CollectCentralPackageVersions;ResolveReferences;ResolveProjectReferences;ResolveAssemblyReferences;ResolveComReferences;ResolveNativeReferences;ResolveSdkReferences;ResolveFrameworkReferences;ResolvePackageDependenciesDesignTime;DesignTimeMarkupCompilation;Compile;CoreCompile;XamlMarkupCompilePass1
10:37:46.274 |I| ProjectModel                   | RequestBuilder thread:7        | Project 'Unity.VisualScripting.SettingsProvider.Editor.csproj' has load-time sensitive targets: XamlMarkupCompilePass1
10:37:46.274 |I| BuildQueue                     | RequestBuilder thread:7        | Build immediately: Unity.VisualScripting.SettingsProvider.Editor.csproj
10:37:46.274 |I| Build                          | RequestBuilder thread:7        | Start build 'Unity.VisualScripting.SettingsProvider.Editor.csproj' with 1 target frameworks
10:37:46.295 |I| Build                          | RequestBuilder thread:7        | Targets for build: _CheckForInvalidConfigurationAndPlatform;CollectCentralPackageVersions;ResolveReferences;ResolveProjectReferences;ResolveAssemblyReferences;ResolveComReferences;ResolveNativeReferences;ResolveSdkReferences;ResolveFrameworkReferences;ResolvePackageDependenciesDesignTime;DesignTimeMarkupCompilation;Compile;CoreCompile;XamlMarkupCompilePass1
10:37:46.296 |I| ProjectModel                   | RequestBuilder thread:7        | Project 'Unity.TestTools.CodeCoverage.Editor.OpenCover.Mono.Reflection.csproj' has load-time sensitive targets: XamlMarkupCompilePass1
10:37:46.296 |I| BuildQueue                     | RequestBuilder thread:7        | Build immediately: Unity.TestTools.CodeCoverage.Editor.OpenCover.Mono.Reflection.csproj
10:37:46.296 |I| Build                          | RequestBuilder thread:7        | Start build 'Unity.TestTools.CodeCoverage.Editor.OpenCover.Mono.Reflection.csproj' with 1 target frameworks
10:37:46.296 |I| Build                          | RequestBuilder thread:7        | Targets for build: _CheckForInvalidConfigurationAndPlatform;CollectCentralPackageVersions;ResolveReferences;ResolveProjectReferences;ResolveAssemblyReferences;ResolveComReferences;ResolveNativeReferences;ResolveSdkReferences;ResolveFrameworkReferences;ResolvePackageDependenciesDesignTime;DesignTimeMarkupCompilation;Compile;CoreCompile;XamlMarkupCompilePass1
10:37:46.296 |I| ProjectModel                   | RequestBuilder thread:7        | Project 'Assembly-CSharp.Player.csproj' has load-time sensitive targets: XamlMarkupCompilePass1
10:37:46.297 |I| BuildQueue                     | RequestBuilder thread:7        | Build immediately: Assembly-CSharp.Player.csproj
10:37:46.297 |I| Build                          | RequestBuilder thread:7        | Start build 'Assembly-CSharp.Player.csproj' with 1 target frameworks
10:37:46.297 |I| Build                          | RequestBuilder thread:7        | Targets for build: _CheckForInvalidConfigurationAndPlatform;CollectCentralPackageVersions;ResolveReferences;ResolveProjectReferences;ResolveAssemblyReferences;ResolveComReferences;ResolveNativeReferences;ResolveSdkReferences;ResolveFrameworkReferences;ResolvePackageDependenciesDesignTime;DesignTimeMarkupCompilation;Compile;CoreCompile;XamlMarkupCompilePass1
10:37:46.298 |I| ProjectModel                   | RequestBuilder thread:7        | Project 'Assembly-CSharp.csproj' has load-time sensitive targets: XamlMarkupCompilePass1
10:37:46.298 |I| BuildQueue                     | RequestBuilder thread:7        | Build immediately: Assembly-CSharp.csproj
10:37:46.298 |I| Build                          | RequestBuilder thread:7        | Start build 'Assembly-CSharp.csproj' with 1 target frameworks
10:37:46.298 |I| Build                          | RequestBuilder thread:7        | Targets for build: _CheckForInvalidConfigurationAndPlatform;CollectCentralPackageVersions;ResolveReferences;ResolveProjectReferences;ResolveAssemblyReferences;ResolveComReferences;ResolveNativeReferences;ResolveSdkReferences;ResolveFrameworkReferences;ResolvePackageDependenciesDesignTime;DesignTimeMarkupCompilation;Compile;CoreCompile;XamlMarkupCompilePass1
10:37:46.298 |I| ProjectModel                   | RequestBuilder thread:7        | Project 'Unity.TextMeshPro.Player.csproj' has load-time sensitive targets: XamlMarkupCompilePass1
10:37:46.299 |I| BuildQueue                     | RequestBuilder thread:7        | Build immediately: Unity.TextMeshPro.Player.csproj
10:37:46.299 |I| Build                          | RequestBuilder thread:7        | Start build 'Unity.TextMeshPro.Player.csproj' with 1 target frameworks
10:37:46.299 |I| Build                          | RequestBuilder thread:7        | Targets for build: _CheckForInvalidConfigurationAndPlatform;CollectCentralPackageVersions;ResolveReferences;ResolveProjectReferences;ResolveAssemblyReferences;ResolveComReferences;ResolveNativeReferences;ResolveSdkReferences;ResolveFrameworkReferences;ResolvePackageDependenciesDesignTime;DesignTimeMarkupCompilation;Compile;CoreCompile;XamlMarkupCompilePass1
10:37:46.299 |I| ProjectModel                   | RequestBuilder thread:7        | Project 'Unity.TextMeshPro.csproj' has load-time sensitive targets: XamlMarkupCompilePass1
10:37:46.299 |I| BuildQueue                     | RequestBuilder thread:7        | Build immediately: Unity.TextMeshPro.csproj
10:37:46.299 |I| Build                          | RequestBuilder thread:7        | Start build 'Unity.TextMeshPro.csproj' with 1 target frameworks
10:37:46.300 |I| Build                          | RequestBuilder thread:7        | Targets for build: _CheckForInvalidConfigurationAndPlatform;CollectCentralPackageVersions;ResolveReferences;ResolveProjectReferences;ResolveAssemblyReferences;ResolveComReferences;ResolveNativeReferences;ResolveSdkReferences;ResolveFrameworkReferences;ResolvePackageDependenciesDesignTime;DesignTimeMarkupCompilation;Compile;CoreCompile;XamlMarkupCompilePass1
10:37:46.300 |I| ProjectModel                   | RequestBuilder thread:7        | Project 'Unity.VisualScripting.Shared.Editor.csproj' has load-time sensitive targets: XamlMarkupCompilePass1
10:37:46.300 |I| BuildQueue                     | RequestBuilder thread:7        | Build immediately: Unity.VisualScripting.Shared.Editor.csproj
10:37:46.300 |I| Build                          | RequestBuilder thread:7        | Start build 'Unity.VisualScripting.Shared.Editor.csproj' with 1 target frameworks
10:37:46.301 |I| Build                          | RequestBuilder thread:7        | Targets for build: _CheckForInvalidConfigurationAndPlatform;CollectCentralPackageVersions;ResolveReferences;ResolveProjectReferences;ResolveAssemblyReferences;ResolveComReferences;ResolveNativeReferences;ResolveSdkReferences;ResolveFrameworkReferences;ResolvePackageDependenciesDesignTime;DesignTimeMarkupCompilation;Compile;CoreCompile;XamlMarkupCompilePass1
10:37:46.301 |I| ProjectModel                   | RequestBuilder thread:7        | Project 'UnityEditor.TestRunner.csproj' has load-time sensitive targets: XamlMarkupCompilePass1
10:37:46.301 |I| BuildQueue                     | RequestBuilder thread:7        | Build immediately: UnityEditor.TestRunner.csproj
10:37:46.301 |I| Build                          | RequestBuilder thread:7        | Start build 'UnityEditor.TestRunner.csproj' with 1 target frameworks
10:37:46.301 |I| Build                          | RequestBuilder thread:7        | Targets for build: _CheckForInvalidConfigurationAndPlatform;CollectCentralPackageVersions;ResolveReferences;ResolveProjectReferences;ResolveAssemblyReferences;ResolveComReferences;ResolveNativeReferences;ResolveSdkReferences;ResolveFrameworkReferences;ResolvePackageDependenciesDesignTime;DesignTimeMarkupCompilation;Compile;CoreCompile;XamlMarkupCompilePass1
10:37:46.301 |I| ProjectModel                   | RequestBuilder thread:7        | Project 'JetBrains.Frontend.2021.2.csproj' has load-time sensitive targets: XamlMarkupCompilePass1
10:37:46.301 |I| BuildQueue                     | RequestBuilder thread:7        | Build immediately: JetBrains.Frontend.2021.2.csproj
10:37:46.302 |I| Build                          | RequestBuilder thread:7        | Start build 'JetBrains.Frontend.2021.2.csproj' with 1 target frameworks
10:37:46.302 |I| Build                          | RequestBuilder thread:7        | Targets for build: _CheckForInvalidConfigurationAndPlatform;CollectCentralPackageVersions;ResolveReferences;ResolveProjectReferences;ResolveAssemblyReferences;ResolveComReferences;ResolveNativeReferences;ResolveSdkReferences;ResolveFrameworkReferences;ResolvePackageDependenciesDesignTime;DesignTimeMarkupCompilation;Compile;CoreCompile;XamlMarkupCompilePass1
10:37:46.303 |I| ProjectModel                   | RequestBuilder thread:7        | Project 'Unity.Timeline.Player.csproj' has load-time sensitive targets: XamlMarkupCompilePass1
10:37:46.303 |I| BuildQueue                     | RequestBuilder thread:7        | Build immediately: Unity.Timeline.Player.csproj
10:37:46.303 |I| Build                          | RequestBuilder thread:7        | Start build 'Unity.Timeline.Player.csproj' with 1 target frameworks
10:37:46.304 |I| Build                          | RequestBuilder thread:7        | Targets for build: _CheckForInvalidConfigurationAndPlatform;CollectCentralPackageVersions;ResolveReferences;ResolveProjectReferences;ResolveAssemblyReferences;ResolveComReferences;ResolveNativeReferences;ResolveSdkReferences;ResolveFrameworkReferences;ResolvePackageDependenciesDesignTime;DesignTimeMarkupCompilation;Compile;CoreCompile;XamlMarkupCompilePass1
10:37:46.304 |I| ProjectModel                   | RequestBuilder thread:7        | Project 'Unity.TestTools.CodeCoverage.Editor.csproj' has load-time sensitive targets: XamlMarkupCompilePass1
10:37:46.304 |I| BuildQueue                     | RequestBuilder thread:7        | Build immediately: Unity.TestTools.CodeCoverage.Editor.csproj
10:37:46.304 |I| Build                          | RequestBuilder thread:7        | Start build 'Unity.TestTools.CodeCoverage.Editor.csproj' with 1 target frameworks
10:37:46.304 |I| Build                          | RequestBuilder thread:7        | Targets for build: _CheckForInvalidConfigurationAndPlatform;CollectCentralPackageVersions;ResolveReferences;ResolveProjectReferences;ResolveAssemblyReferences;ResolveComReferences;ResolveNativeReferences;ResolveSdkReferences;ResolveFrameworkReferences;ResolvePackageDependenciesDesignTime;DesignTimeMarkupCompilation;Compile;CoreCompile;XamlMarkupCompilePass1
10:37:46.304 |I| ProjectModel                   | RequestBuilder thread:7        | Project 'Unity.Timeline.csproj' has load-time sensitive targets: XamlMarkupCompilePass1
10:37:46.304 |I| BuildQueue                     | RequestBuilder thread:7        | Build immediately: Unity.Timeline.csproj
10:37:46.304 |I| Build                          | RequestBuilder thread:7        | Start build 'Unity.Timeline.csproj' with 1 target frameworks
10:37:46.306 |I| Build                          | RequestBuilder thread:7        | Targets for build: _CheckForInvalidConfigurationAndPlatform;CollectCentralPackageVersions;ResolveReferences;ResolveProjectReferences;ResolveAssemblyReferences;ResolveComReferences;ResolveNativeReferences;ResolveSdkReferences;ResolveFrameworkReferences;ResolvePackageDependenciesDesignTime;DesignTimeMarkupCompilation;Compile;CoreCompile;XamlMarkupCompilePass1
10:37:46.306 |I| ProjectModel                   | RequestBuilder thread:7        | Project 'Unity.XR.Management.Player.csproj' has load-time sensitive targets: XamlMarkupCompilePass1
10:37:46.306 |I| BuildQueue                     | RequestBuilder thread:7        | Build immediately: Unity.XR.Management.Player.csproj
10:37:46.306 |I| Build                          | RequestBuilder thread:7        | Start build 'Unity.XR.Management.Player.csproj' with 1 target frameworks
10:37:46.307 |I| Build                          | RequestBuilder thread:7        | Targets for build: _CheckForInvalidConfigurationAndPlatform;CollectCentralPackageVersions;ResolveReferences;ResolveProjectReferences;ResolveAssemblyReferences;ResolveComReferences;ResolveNativeReferences;ResolveSdkReferences;ResolveFrameworkReferences;ResolvePackageDependenciesDesignTime;DesignTimeMarkupCompilation;Compile;CoreCompile;XamlMarkupCompilePass1
10:37:46.307 |I| ProjectModel                   | RequestBuilder thread:7        | Project 'Unity.XR.CoreUtils.csproj' has load-time sensitive targets: XamlMarkupCompilePass1
10:37:46.307 |I| BuildQueue                     | RequestBuilder thread:7        | Build immediately: Unity.XR.CoreUtils.csproj
10:37:46.307 |I| Build                          | RequestBuilder thread:7        | Start build 'Unity.XR.CoreUtils.csproj' with 1 target frameworks
10:37:46.308 |I| Build                          | RequestBuilder thread:7        | Targets for build: _CheckForInvalidConfigurationAndPlatform;CollectCentralPackageVersions;ResolveReferences;ResolveProjectReferences;ResolveAssemblyReferences;ResolveComReferences;ResolveNativeReferences;ResolveSdkReferences;ResolveFrameworkReferences;ResolvePackageDependenciesDesignTime;DesignTimeMarkupCompilation;Compile;CoreCompile;XamlMarkupCompilePass1
10:37:46.308 |I| ProjectModel                   | RequestBuilder thread:7        | Project 'Unity.XR.CoreUtils.Player.csproj' has load-time sensitive targets: XamlMarkupCompilePass1
10:37:46.308 |I| BuildQueue                     | RequestBuilder thread:7        | Build immediately: Unity.XR.CoreUtils.Player.csproj
10:37:46.308 |I| Build                          | RequestBuilder thread:7        | Start build 'Unity.XR.CoreUtils.Player.csproj' with 1 target frameworks
10:37:46.308 |I| Build                          | RequestBuilder thread:7        | Targets for build: _CheckForInvalidConfigurationAndPlatform;CollectCentralPackageVersions;ResolveReferences;ResolveProjectReferences;ResolveAssemblyReferences;ResolveComReferences;ResolveNativeReferences;ResolveSdkReferences;ResolveFrameworkReferences;ResolvePackageDependenciesDesignTime;DesignTimeMarkupCompilation;Compile;CoreCompile;XamlMarkupCompilePass1
10:37:46.308 |I| ProjectModel                   | RequestBuilder thread:7        | Project 'Unity.Rider.Editor.csproj' has load-time sensitive targets: XamlMarkupCompilePass1
10:37:46.308 |I| BuildQueue                     | RequestBuilder thread:7        | Build immediately: Unity.Rider.Editor.csproj
10:37:46.308 |I| Build                          | RequestBuilder thread:7        | Start build 'Unity.Rider.Editor.csproj' with 1 target frameworks
10:37:46.309 |I| Build                          | RequestBuilder thread:7        | Targets for build: _CheckForInvalidConfigurationAndPlatform;CollectCentralPackageVersions;ResolveReferences;ResolveProjectReferences;ResolveAssemblyReferences;ResolveComReferences;ResolveNativeReferences;ResolveSdkReferences;ResolveFrameworkReferences;ResolvePackageDependenciesDesignTime;DesignTimeMarkupCompilation;Compile;CoreCompile;XamlMarkupCompilePass1
10:37:46.309 |I| ProjectModel                   | RequestBuilder thread:7        | Project 'Unity.XR.Management.csproj' has load-time sensitive targets: XamlMarkupCompilePass1
10:37:46.309 |I| BuildQueue                     | RequestBuilder thread:7        | Build immediately: Unity.XR.Management.csproj
10:37:46.309 |I| Build                          | RequestBuilder thread:7        | Start build 'Unity.XR.Management.csproj' with 1 target frameworks
10:37:46.310 |I| Build                          | RequestBuilder thread:7        | Targets for build: _CheckForInvalidConfigurationAndPlatform;CollectCentralPackageVersions;ResolveReferences;ResolveProjectReferences;ResolveAssemblyReferences;ResolveComReferences;ResolveNativeReferences;ResolveSdkReferences;ResolveFrameworkReferences;ResolvePackageDependenciesDesignTime;DesignTimeMarkupCompilation;Compile;CoreCompile;XamlMarkupCompilePass1
10:37:46.310 |I| ProjectModel                   | RequestBuilder thread:7        | Project 'Unity.XR.Interaction.Toolkit.Samples.StarterAssets.Player.csproj' has load-time sensitive targets: XamlMarkupCompilePass1
10:37:46.310 |I| BuildQueue                     | RequestBuilder thread:7        | Build immediately: Unity.XR.Interaction.Toolkit.Samples.StarterAssets.Player.csproj
10:37:46.310 |I| Build                          | RequestBuilder thread:7        | Start build 'Unity.XR.Interaction.Toolkit.Samples.StarterAssets.Player.csproj' with 1 target frameworks
10:37:46.311 |I| Build                          | RequestBuilder thread:7        | Targets for build: _CheckForInvalidConfigurationAndPlatform;CollectCentralPackageVersions;ResolveReferences;ResolveProjectReferences;ResolveAssemblyReferences;ResolveComReferences;ResolveNativeReferences;ResolveSdkReferences;ResolveFrameworkReferences;ResolvePackageDependenciesDesignTime;DesignTimeMarkupCompilation;Compile;CoreCompile;XamlMarkupCompilePass1
10:37:46.311 |I| ProjectModel                   | RequestBuilder thread:7        | Project 'Unity.XR.CoreUtils.Editor.csproj' has load-time sensitive targets: XamlMarkupCompilePass1
10:37:46.311 |I| BuildQueue                     | RequestBuilder thread:7        | Build immediately: Unity.XR.CoreUtils.Editor.csproj
10:37:46.311 |I| Build                          | RequestBuilder thread:7        | Start build 'Unity.XR.CoreUtils.Editor.csproj' with 1 target frameworks
10:37:46.311 |I| Build                          | RequestBuilder thread:7        | Targets for build: _CheckForInvalidConfigurationAndPlatform;CollectCentralPackageVersions;ResolveReferences;ResolveProjectReferences;ResolveAssemblyReferences;ResolveComReferences;ResolveNativeReferences;ResolveSdkReferences;ResolveFrameworkReferences;ResolvePackageDependenciesDesignTime;DesignTimeMarkupCompilation;Compile;CoreCompile;XamlMarkupCompilePass1
10:37:46.311 |I| ProjectModel                   | RequestBuilder thread:7        | Project 'Unity.XR.Hands.Player.csproj' has load-time sensitive targets: XamlMarkupCompilePass1
10:37:46.311 |I| BuildQueue                     | RequestBuilder thread:7        | Build immediately: Unity.XR.Hands.Player.csproj
10:37:46.311 |I| Build                          | RequestBuilder thread:7        | Start build 'Unity.XR.Hands.Player.csproj' with 1 target frameworks
10:37:46.312 |I| Build                          | RequestBuilder thread:7        | Targets for build: _CheckForInvalidConfigurationAndPlatform;CollectCentralPackageVersions;ResolveReferences;ResolveProjectReferences;ResolveAssemblyReferences;ResolveComReferences;ResolveNativeReferences;ResolveSdkReferences;ResolveFrameworkReferences;ResolvePackageDependenciesDesignTime;DesignTimeMarkupCompilation;Compile;CoreCompile;XamlMarkupCompilePass1
10:37:46.312 |I| ProjectModel                   | RequestBuilder thread:7        | Project 'Unity.InputSystem.TestFramework.Player.csproj' has load-time sensitive targets: XamlMarkupCompilePass1
10:37:46.312 |I| BuildQueue                     | RequestBuilder thread:7        | Build immediately: Unity.InputSystem.TestFramework.Player.csproj
10:37:46.312 |I| Build                          | RequestBuilder thread:7        | Start build 'Unity.InputSystem.TestFramework.Player.csproj' with 1 target frameworks
10:37:46.313 |I| Build                          | RequestBuilder thread:7        | Targets for build: _CheckForInvalidConfigurationAndPlatform;CollectCentralPackageVersions;ResolveReferences;ResolveProjectReferences;ResolveAssemblyReferences;ResolveComReferences;ResolveNativeReferences;ResolveSdkReferences;ResolveFrameworkReferences;ResolvePackageDependenciesDesignTime;DesignTimeMarkupCompilation;Compile;CoreCompile;XamlMarkupCompilePass1
10:37:46.729 |I| Build                          | :4                             | Finish build part [1/1] for project 'Unity.InputSystem.TestFramework.Player.csproj': Success
10:37:46.729 |I| Build                          | :4                             | Finish build project 'Unity.InputSystem.TestFramework.Player.csproj': Success
10:37:46.829 |I| Build                          | :17                            | Finish build part [1/1] for project 'Unity.XR.Hands.Player.csproj': Success
10:37:46.829 |I| Build                          | :17                            | Finish build project 'Unity.XR.Hands.Player.csproj': Success
10:37:47.046 |I| Build                          | :13                            | Finish build part [1/1] for project 'UnityEngine.SpatialTracking.csproj': Success
10:37:47.046 |I| Build                          | :13                            | Finish build project 'UnityEngine.SpatialTracking.csproj': Success
10:37:47.267 |I| Build                          | :17                            | Finish build part [1/1] for project 'Unity.XR.CoreUtils.Editor.csproj': Success
10:37:47.267 |I| Build                          | :17                            | Finish build project 'Unity.XR.CoreUtils.Editor.csproj': Success
10:37:47.365 |I| Build                          | :22                            | Finish build part [1/1] for project 'Unity.XR.Interaction.Toolkit.Samples.StarterAssets.Player.csproj': Success
10:37:47.365 |I| Build                          | :22                            | Finish build project 'Unity.XR.Interaction.Toolkit.Samples.StarterAssets.Player.csproj': Success
10:37:47.472 |I| Build                          | :4                             | Finish build part [1/1] for project 'Unity.XR.Management.csproj': Success
10:37:47.472 |I| Build                          | :4                             | Finish build project 'Unity.XR.Management.csproj': Success
10:37:47.580 |I| Build                          | :15                            | Finish build part [1/1] for project 'Unity.XR.Interaction.Toolkit.Editor.csproj': Success
10:37:47.580 |I| Build                          | :15                            | Finish build project 'Unity.XR.Interaction.Toolkit.Editor.csproj': Success
10:37:47.674 |I| Build                          | :15                            | Finish build part [1/1] for project 'Unity.Rider.Editor.csproj': Success
10:37:47.674 |I| Build                          | :15                            | Finish build project 'Unity.Rider.Editor.csproj': Success
10:37:47.784 |I| Build                          | :17                            | Finish build part [1/1] for project 'Unity.XR.CoreUtils.Player.csproj': Success
10:37:47.784 |I| Build                          | :17                            | Finish build project 'Unity.XR.CoreUtils.Player.csproj': Success
10:37:47.878 |I| Build                          | :17                            | Finish build part [1/1] for project 'Unity.XR.CoreUtils.csproj': Success
10:37:47.878 |I| Build                          | :17                            | Finish build project 'Unity.XR.CoreUtils.csproj': Success
10:37:47.962 |I| Build                          | :6                             | Finish build part [1/1] for project 'Unity.XR.Management.Player.csproj': Success
10:37:47.962 |I| Build                          | :6                             | Finish build project 'Unity.XR.Management.Player.csproj': Success
10:37:48.051 |I| Build                          | :14                            | Finish build part [1/1] for project 'Unity.Timeline.csproj': Success
10:37:48.051 |I| Build                          | :14                            | Finish build project 'Unity.Timeline.csproj': Success
10:37:48.155 |I| Build                          | :14                            | Finish build part [1/1] for project 'Unity.TestTools.CodeCoverage.Editor.csproj': Success
10:37:48.155 |I| Build                          | :14                            | Finish build project 'Unity.TestTools.CodeCoverage.Editor.csproj': Success
10:37:48.244 |I| Build                          | :13                            | Finish build part [1/1] for project 'Unity.Timeline.Player.csproj': Success
10:37:48.244 |I| Build                          | :13                            | Finish build project 'Unity.Timeline.Player.csproj': Success
10:37:48.345 |I| Build                          | :14                            | Finish build part [1/1] for project 'JetBrains.Frontend.2021.2.csproj': Success
10:37:48.345 |I| Build                          | :14                            | Finish build project 'JetBrains.Frontend.2021.2.csproj': Success
10:37:48.429 |I| Build                          | :17                            | Finish build part [1/1] for project 'UnityEditor.TestRunner.csproj': Success
10:37:48.429 |I| Build                          | :17                            | Finish build project 'UnityEditor.TestRunner.csproj': Success
10:37:48.538 |I| Build                          | :4                             | Finish build part [1/1] for project 'Unity.VisualScripting.Shared.Editor.csproj': Success
10:37:48.538 |I| Build                          | :4                             | Finish build project 'Unity.VisualScripting.Shared.Editor.csproj': Success
10:37:48.644 |I| Build                          | :4                             | Finish build part [1/1] for project 'Unity.TextMeshPro.csproj': Success
10:37:48.644 |I| Build                          | :4                             | Finish build project 'Unity.TextMeshPro.csproj': Success
10:37:48.732 |I| Build                          | :6                             | Finish build part [1/1] for project 'Unity.TextMeshPro.Player.csproj': Success
10:37:48.733 |I| Build                          | :6                             | Finish build project 'Unity.TextMeshPro.Player.csproj': Success
10:37:48.890 |I| Build                          | :16                            | Finish build part [1/1] for project 'Assembly-CSharp.csproj': Success
10:37:48.890 |I| Build                          | :16                            | Finish build project 'Assembly-CSharp.csproj': Success
10:37:49.005 |I| Build                          | :13                            | Finish build part [1/1] for project 'Assembly-CSharp.Player.csproj': Success
10:37:49.005 |I| Build                          | :13                            | Finish build project 'Assembly-CSharp.Player.csproj': Success
10:37:49.089 |I| Build                          | :13                            | Finish build part [1/1] for project 'Unity.TestTools.CodeCoverage.Editor.OpenCover.Mono.Reflection.csproj': Success
10:37:49.089 |I| Build                          | :13                            | Finish build project 'Unity.TestTools.CodeCoverage.Editor.OpenCover.Mono.Reflection.csproj': Success
10:37:49.189 |I| Build                          | :17                            | Finish build part [1/1] for project 'Unity.VisualScripting.SettingsProvider.Editor.csproj': Success
10:37:49.189 |I| Build                          | :17                            | Finish build project 'Unity.VisualScripting.SettingsProvider.Editor.csproj': Success
10:37:49.288 |I| Build                          | :6                             | Finish build part [1/1] for project 'Unity.TextMeshPro.Editor.csproj': Success
10:37:49.288 |I| Build                          | :6                             | Finish build project 'Unity.TextMeshPro.Editor.csproj': Success
10:37:49.385 |I| Build                          | :17                            | Finish build part [1/1] for project 'Unity.XR.Oculus.csproj': Success
10:37:49.385 |I| Build                          | :17                            | Finish build project 'Unity.XR.Oculus.csproj': Success
10:37:49.473 |I| Build                          | :6                             | Finish build part [1/1] for project 'Unity.XR.Oculus.Player.csproj': Success
10:37:49.473 |I| Build                          | :6                             | Finish build project 'Unity.XR.Oculus.Player.csproj': Success
10:37:49.561 |I| Build                          | :13                            | Finish build part [1/1] for project 'Unity.XR.Hands.Editor.csproj': Success
10:37:49.561 |I| Build                          | :13                            | Finish build project 'Unity.XR.Hands.Editor.csproj': Success
10:37:49.654 |I| Build                          | :13                            | Finish build part [1/1] for project 'Unity.XR.Oculus.Editor.csproj': Success
10:37:49.654 |I| Build                          | :13                            | Finish build project 'Unity.XR.Oculus.Editor.csproj': Success
10:37:49.746 |I| Build                          | :13                            | Finish build part [1/1] for project 'UnityEngine.XR.LegacyInputHelpers.csproj': Success
10:37:49.746 |I| Build                          | :13                            | Finish build project 'UnityEngine.XR.LegacyInputHelpers.csproj': Success
10:37:49.831 |I| Build                          | :27                            | Finish build part [1/1] for project 'UnityEngine.XR.LegacyInputHelpers.Player.csproj': Success
10:37:49.831 |I| Build                          | :27                            | Finish build project 'UnityEngine.XR.LegacyInputHelpers.Player.csproj': Success
10:37:49.926 |I| Build                          | :17                            | Finish build part [1/1] for project 'Unity.VisualScripting.Core.csproj': Success
10:37:49.926 |I| Build                          | :17                            | Finish build project 'Unity.VisualScripting.Core.csproj': Success
10:37:50.016 |I| Build                          | :27                            | Finish build part [1/1] for project 'UnityEditor.XR.LegacyInputHelpers.csproj': Success
10:37:50.016 |I| Build                          | :27                            | Finish build project 'UnityEditor.XR.LegacyInputHelpers.csproj': Success
10:37:50.121 |I| Build                          | :16                            | Finish build part [1/1] for project 'Unity.VisualScripting.State.Editor.csproj': Success
10:37:50.121 |I| Build                          | :16                            | Finish build project 'Unity.VisualScripting.State.Editor.csproj': Success
10:37:50.228 |I| Build                          | :22                            | Finish build part [1/1] for project 'Unity.VisualScripting.Core.Player.csproj': Success
10:37:50.228 |I| Build                          | :22                            | Finish build project 'Unity.VisualScripting.Core.Player.csproj': Success
10:37:50.328 |I| Build                          | :22                            | Finish build part [1/1] for project 'Unity.Mathematics.Editor.csproj': Success
10:37:50.328 |I| Build                          | :22                            | Finish build project 'Unity.Mathematics.Editor.csproj': Success
10:37:50.417 |I| Build                          | :6                             | Finish build part [1/1] for project 'Unity.Timeline.Editor.csproj': Success
10:37:50.417 |I| Build                          | :6                             | Finish build project 'Unity.Timeline.Editor.csproj': Success
10:37:50.511 |I| Build                          | :27                            | Finish build part [1/1] for project 'Unity.VisualScripting.State.csproj': Success
10:37:50.511 |I| Build                          | :27                            | Finish build project 'Unity.VisualScripting.State.csproj': Success
10:37:50.600 |I| Build                          | :27                            | Finish build part [1/1] for project 'Unity.CollabProxy.Editor.csproj': Success
10:37:50.600 |I| Build                          | :27                            | Finish build project 'Unity.CollabProxy.Editor.csproj': Success
10:37:50.687 |I| Build                          | :16                            | Finish build part [1/1] for project 'Unity.VisualScripting.State.Player.csproj': Success
10:37:50.687 |I| Build                          | :16                            | Finish build project 'Unity.VisualScripting.State.Player.csproj': Success
10:37:50.771 |I| Build                          | :26                            | Finish build part [1/1] for project 'Unity.InputSystem.Player.csproj': Success
10:37:50.771 |I| Build                          | :26                            | Finish build project 'Unity.InputSystem.Player.csproj': Success
10:37:50.865 |I| Build                          | :26                            | Finish build part [1/1] for project 'Unity.VisualStudio.Editor.csproj': Success
10:37:50.865 |I| Build                          | :26                            | Finish build project 'Unity.VisualStudio.Editor.csproj': Success
10:37:50.951 |I| Build                          | :30                            | Finish build part [1/1] for project 'UnityEditor.SpatialTracking.csproj': Success
10:37:50.951 |I| Build                          | :30                            | Finish build project 'UnityEditor.SpatialTracking.csproj': Success
10:37:51.059 |I| Build                          | :26                            | Finish build part [1/1] for project 'Unity.InputSystem.csproj': Success
10:37:51.059 |I| Build                          | :26                            | Finish build project 'Unity.InputSystem.csproj': Success
10:37:51.164 |I| Build                          | :29                            | Finish build part [1/1] for project 'Unity.Settings.Editor.csproj': Success
10:37:51.164 |I| Build                          | :29                            | Finish build project 'Unity.Settings.Editor.csproj': Success
10:37:51.267 |I| Build                          | :3                             | Finish build part [1/1] for project 'Unity.VisualScripting.Flow.Editor.csproj': Success
10:37:51.267 |I| Build                          | :3                             | Finish build project 'Unity.VisualScripting.Flow.Editor.csproj': Success
10:37:51.375 |I| Build                          | :13                            | Finish build part [1/1] for project 'Unity.Mathematics.Player.csproj': Success
10:37:51.375 |I| Build                          | :13                            | Finish build project 'Unity.Mathematics.Player.csproj': Success
10:37:51.476 |I| Build                          | :26                            | Finish build part [1/1] for project 'Unity.Mathematics.csproj': Success
10:37:51.476 |I| Build                          | :26                            | Finish build project 'Unity.Mathematics.csproj': Success
10:37:51.562 |I| Build                          | :17                            | Finish build part [1/1] for project 'Unity.EditorCoroutines.Editor.csproj': Success
10:37:51.562 |I| Build                          | :17                            | Finish build project 'Unity.EditorCoroutines.Editor.csproj': Success
10:37:51.665 |I| Build                          | :30                            | Finish build part [1/1] for project 'Unity.VisualScripting.Core.Editor.csproj': Success
10:37:51.665 |I| Build                          | :30                            | Finish build project 'Unity.VisualScripting.Core.Editor.csproj': Success
10:37:51.783 |I| Build                          | :17                            | Finish build part [1/1] for project 'Unity.XR.Interaction.Toolkit.Player.csproj': Success
10:37:51.783 |I| Build                          | :17                            | Finish build project 'Unity.XR.Interaction.Toolkit.Player.csproj': Success
10:37:51.894 |I| Build                          | :6                             | Finish build part [1/1] for project 'Unity.XR.Interaction.Toolkit.csproj': Success
10:37:51.895 |I| Build                          | :6                             | Finish build project 'Unity.XR.Interaction.Toolkit.csproj': Success
10:37:52.003 |I| Build                          | :6                             | Finish build part [1/1] for project 'Unity.TestTools.CodeCoverage.Editor.OpenCover.Model.csproj': Success
10:37:52.003 |I| Build                          | :6                             | Finish build project 'Unity.TestTools.CodeCoverage.Editor.OpenCover.Model.csproj': Success
10:37:52.110 |I| Build                          | :15                            | Finish build part [1/1] for project 'Unity.VisualScripting.Flow.Player.csproj': Success
10:37:52.110 |I| Build                          | :15                            | Finish build project 'Unity.VisualScripting.Flow.Player.csproj': Success
10:37:52.209 |I| Build                          | :31                            | Finish build part [1/1] for project 'Unity.VisualScripting.Flow.csproj': Success
10:37:52.209 |I| Build                          | :31                            | Finish build project 'Unity.VisualScripting.Flow.csproj': Success
10:37:52.329 |I| Build                          | :28                            | Finish build part [1/1] for project 'Unity.PlasticSCM.Editor.csproj': Success
10:37:52.329 |I| Build                          | :28                            | Finish build project 'Unity.PlasticSCM.Editor.csproj': Success
10:37:52.453 |I| Build                          | :15                            | Finish build part [1/1] for project 'UnityEditor.UI.csproj': Success
10:37:52.453 |I| Build                          | :15                            | Finish build project 'UnityEditor.UI.csproj': Success
10:37:52.544 |I| Build                          | :28                            | Finish build part [1/1] for project 'UnityEngine.TestRunner.csproj': Success
10:37:52.544 |I| Build                          | :28                            | Finish build project 'UnityEngine.TestRunner.csproj': Success
10:37:52.629 |I| Build                          | :14                            | Finish build part [1/1] for project 'UnityEngine.TestRunner.Player.csproj': Success
10:37:52.629 |I| Build                          | :14                            | Finish build project 'UnityEngine.TestRunner.Player.csproj': Success
10:37:52.749 |I| Build                          | :31                            | Finish build part [1/1] for project 'Unity.VSCode.Editor.csproj': Success
10:37:52.749 |I| Build                          | :31                            | Finish build project 'Unity.VSCode.Editor.csproj': Success
10:37:52.844 |I| Build                          | :14                            | Finish build part [1/1] for project 'Unity.InputSystem.TestFramework.csproj': Success
10:37:52.844 |I| Build                          | :14                            | Finish build project 'Unity.InputSystem.TestFramework.csproj': Success
10:37:52.924 |I| Build                          | :16                            | Finish build part [1/1] for project 'UnityEngine.UI.Player.csproj': Success
10:37:52.924 |I| Build                          | :16                            | Finish build project 'UnityEngine.UI.Player.csproj': Success
10:37:53.027 |I| Build                          | :28                            | Finish build part [1/1] for project 'UnityEngine.UI.csproj': Success
10:37:53.027 |I| Build                          | :28                            | Finish build project 'UnityEngine.UI.csproj': Success
10:37:53.135 |I| Build                          | :13                            | Finish build part [1/1] for project 'Unity.XR.Management.Editor.csproj': Success
10:37:53.135 |I| Build                          | :13                            | Finish build project 'Unity.XR.Management.Editor.csproj': Success
10:37:53.232 |I| Build                          | :30                            | Finish build part [1/1] for project 'Unity.XR.Hands.csproj': Success
10:37:53.232 |I| Build                          | :30                            | Finish build project 'Unity.XR.Hands.csproj': Success
10:37:53.325 |I| Build                          | :32                            | Finish build part [1/1] for project 'Unity.Performance.Profile-Analyzer.Editor.csproj': Success
10:37:53.325 |I| Build                          | :32                            | Finish build project 'Unity.Performance.Profile-Analyzer.Editor.csproj': Success
10:37:53.427 |I| Build                          | :16                            | Finish build part [1/1] for project 'Unity.XR.Interaction.Toolkit.Samples.StarterAssets.csproj': Success
10:37:53.427 |I| Build                          | :16                            | Finish build project 'Unity.XR.Interaction.Toolkit.Samples.StarterAssets.csproj': Success
10:37:53.532 |I| Build                          | :33                            | Finish build part [1/1] for project 'UnityEngine.SpatialTracking.Player.csproj': Success
10:37:53.533 |I| Build                          | :33                            | Finish build project 'UnityEngine.SpatialTracking.Player.csproj': Success
10:37:53.553 |I| Build                          | :32                            | Build succeeded.
10:37:53.556 |I| ProjectModel                   | RequestBuilder thread:7        | Reloading has finished, statistic: 
	Total: 8.22 sec
	Binding: 0.50 sec
	Evaluation: 2.49 sec
10:57:05.176 |I| Core                           | RequestBuilder thread:7        | Msbuild session 'ProjectModelSessionHost' was terminated
10:57:05.193 |I| Core                           | RequestBuilder thread:7        | Connection lost, kill msbuild
