10:57:51.153 |I| Core                           | RequestBuilder thread:6        | MsBuild process with Id = 10576
10:57:51.153 |I| Core                           | RequestBuilder thread:6        | MsBuild location = C:\Program Files (x86)\Microsoft Visual Studio\2019\Community\MSBuild\Current\Bin\MSBuild.exe
10:57:51.153 |I| Core                           | RequestBuilder thread:6        | ServerGC = False
10:57:51.153 |I| Core                           | RequestBuilder thread:6        | 
10:57:51.153 |I| Core                           | RequestBuilder thread:6        | Start ControllerTask...
10:57:51.153 |I| Core                           | RequestBuilder thread:6        | Detected version: 16.11
10:57:51.153 |I| Core                           | RequestBuilder thread:6        | Creating SocketWire with port = 59856
10:57:51.176 |I| Core                           | RequestBuilder thread:6        | Create protocol...
10:57:51.215 |I| Core                           | RequestBuilder thread:6        | Create MsBuildModel and advise for new sessions...
10:57:51.247 |I| Core                           | RequestBuilder thread:6        | Subscribe for changes...
10:57:51.247 |I| Core                           | RequestBuilder thread:6        | Setup process watchdog...
10:57:51.247 |I| Core                           | RequestBuilder thread:6        | Run dispatcher...
10:57:51.253 |I| ProcessWatchdog                | WatchParentPid:604:11          | Monitoring parent process PID:604
10:57:51.305 |I| Core                           | RequestBuilder thread:6        | Get protocol session 'RdProjectModelSession'
10:57:51.313 |I| Core                           | RequestBuilder thread:6        | Msbuild session 'ProjectModelSessionHost' created
10:57:51.403 |I| ProjectModel                   | RequestBuilder thread:6        | Reloading 67 project(s) in 1 node(s)...
10:57:51.403 |I| ProjectModel                   | RequestBuilder thread:6        | Reason: WarmStartup
10:57:51.413 |I| Build                          | :10                            | Build started.
10:57:51.423 |I| BuildQueue                     | RequestBuilder thread:6        | Build queue: False
10:57:52.625 |I| ProjectModel                   | RequestBuilder thread:6        | Project 'Unity.Performance.Profile-Analyzer.Editor.csproj' has load-time sensitive targets: XamlMarkupCompilePass1
10:57:52.633 |I| BuildQueue                     | RequestBuilder thread:6        | Build immediately: Unity.Performance.Profile-Analyzer.Editor.csproj
10:57:52.633 |I| Build                          | RequestBuilder thread:6        | Start build 'Unity.Performance.Profile-Analyzer.Editor.csproj' with 1 target frameworks
10:57:52.638 |I| Build                          | RequestBuilder thread:6        | Targets for build: _CheckForInvalidConfigurationAndPlatform;CollectCentralPackageVersions;ResolveReferences;ResolveProjectReferences;ResolveAssemblyReferences;ResolveComReferences;ResolveNativeReferences;ResolveSdkReferences;ResolveFrameworkReferences;ResolvePackageDependenciesDesignTime;DesignTimeMarkupCompilation;Compile;CoreCompile;XamlMarkupCompilePass1
10:57:52.643 |I| ProjectModel                   | RequestBuilder thread:6        | Project 'Unity.XR.Interaction.Toolkit.Samples.StarterAssets.csproj' has load-time sensitive targets: XamlMarkupCompilePass1
10:57:52.643 |I| BuildQueue                     | RequestBuilder thread:6        | Build immediately: Unity.XR.Interaction.Toolkit.Samples.StarterAssets.csproj
10:57:52.643 |I| Build                          | RequestBuilder thread:6        | Start build 'Unity.XR.Interaction.Toolkit.Samples.StarterAssets.csproj' with 1 target frameworks
10:57:52.643 |I| Build                          | RequestBuilder thread:6        | Targets for build: _CheckForInvalidConfigurationAndPlatform;CollectCentralPackageVersions;ResolveReferences;ResolveProjectReferences;ResolveAssemblyReferences;ResolveComReferences;ResolveNativeReferences;ResolveSdkReferences;ResolveFrameworkReferences;ResolvePackageDependenciesDesignTime;DesignTimeMarkupCompilation;Compile;CoreCompile;XamlMarkupCompilePass1
10:57:52.643 |I| ProjectModel                   | RequestBuilder thread:6        | Project 'UnityEngine.SpatialTracking.csproj' has load-time sensitive targets: XamlMarkupCompilePass1
10:57:52.643 |I| BuildQueue                     | RequestBuilder thread:6        | Build immediately: UnityEngine.SpatialTracking.csproj
10:57:52.643 |I| Build                          | RequestBuilder thread:6        | Start build 'UnityEngine.SpatialTracking.csproj' with 1 target frameworks
10:57:52.643 |I| Build                          | RequestBuilder thread:6        | Targets for build: _CheckForInvalidConfigurationAndPlatform;CollectCentralPackageVersions;ResolveReferences;ResolveProjectReferences;ResolveAssemblyReferences;ResolveComReferences;ResolveNativeReferences;ResolveSdkReferences;ResolveFrameworkReferences;ResolvePackageDependenciesDesignTime;DesignTimeMarkupCompilation;Compile;CoreCompile;XamlMarkupCompilePass1
10:57:52.643 |I| ProjectModel                   | RequestBuilder thread:6        | Project 'UnityEngine.SpatialTracking.Player.csproj' has load-time sensitive targets: XamlMarkupCompilePass1
10:57:52.643 |I| BuildQueue                     | RequestBuilder thread:6        | Build immediately: UnityEngine.SpatialTracking.Player.csproj
10:57:52.643 |I| Build                          | RequestBuilder thread:6        | Start build 'UnityEngine.SpatialTracking.Player.csproj' with 1 target frameworks
10:57:52.653 |I| Build                          | RequestBuilder thread:6        | Targets for build: _CheckForInvalidConfigurationAndPlatform;CollectCentralPackageVersions;ResolveReferences;ResolveProjectReferences;ResolveAssemblyReferences;ResolveComReferences;ResolveNativeReferences;ResolveSdkReferences;ResolveFrameworkReferences;ResolvePackageDependenciesDesignTime;DesignTimeMarkupCompilation;Compile;CoreCompile;XamlMarkupCompilePass1
10:57:52.654 |I| ProjectModel                   | RequestBuilder thread:6        | Project 'Unity.XR.Hands.csproj' has load-time sensitive targets: XamlMarkupCompilePass1
10:57:52.654 |I| BuildQueue                     | RequestBuilder thread:6        | Build immediately: Unity.XR.Hands.csproj
10:57:52.654 |I| Build                          | RequestBuilder thread:6        | Start build 'Unity.XR.Hands.csproj' with 1 target frameworks
10:57:52.656 |I| Build                          | RequestBuilder thread:6        | Targets for build: _CheckForInvalidConfigurationAndPlatform;CollectCentralPackageVersions;ResolveReferences;ResolveProjectReferences;ResolveAssemblyReferences;ResolveComReferences;ResolveNativeReferences;ResolveSdkReferences;ResolveFrameworkReferences;ResolvePackageDependenciesDesignTime;DesignTimeMarkupCompilation;Compile;CoreCompile;XamlMarkupCompilePass1
10:57:52.656 |I| ProjectModel                   | RequestBuilder thread:6        | Project 'Unity.XR.Management.Editor.csproj' has load-time sensitive targets: XamlMarkupCompilePass1
10:57:52.656 |I| BuildQueue                     | RequestBuilder thread:6        | Build immediately: Unity.XR.Management.Editor.csproj
10:57:52.656 |I| Build                          | RequestBuilder thread:6        | Start build 'Unity.XR.Management.Editor.csproj' with 1 target frameworks
10:57:52.658 |I| Build                          | RequestBuilder thread:6        | Targets for build: _CheckForInvalidConfigurationAndPlatform;CollectCentralPackageVersions;ResolveReferences;ResolveProjectReferences;ResolveAssemblyReferences;ResolveComReferences;ResolveNativeReferences;ResolveSdkReferences;ResolveFrameworkReferences;ResolvePackageDependenciesDesignTime;DesignTimeMarkupCompilation;Compile;CoreCompile;XamlMarkupCompilePass1
10:57:52.659 |I| ProjectModel                   | RequestBuilder thread:6        | Project 'UnityEngine.UI.Player.csproj' has load-time sensitive targets: XamlMarkupCompilePass1
10:57:52.659 |I| BuildQueue                     | RequestBuilder thread:6        | Build immediately: UnityEngine.UI.Player.csproj
10:57:52.659 |I| Build                          | RequestBuilder thread:6        | Start build 'UnityEngine.UI.Player.csproj' with 1 target frameworks
10:57:52.660 |I| Build                          | RequestBuilder thread:6        | Targets for build: _CheckForInvalidConfigurationAndPlatform;CollectCentralPackageVersions;ResolveReferences;ResolveProjectReferences;ResolveAssemblyReferences;ResolveComReferences;ResolveNativeReferences;ResolveSdkReferences;ResolveFrameworkReferences;ResolvePackageDependenciesDesignTime;DesignTimeMarkupCompilation;Compile;CoreCompile;XamlMarkupCompilePass1
10:57:52.661 |I| ProjectModel                   | RequestBuilder thread:6        | Project 'UnityEngine.UI.csproj' has load-time sensitive targets: XamlMarkupCompilePass1
10:57:52.661 |I| BuildQueue                     | RequestBuilder thread:6        | Build immediately: UnityEngine.UI.csproj
10:57:52.661 |I| Build                          | RequestBuilder thread:6        | Start build 'UnityEngine.UI.csproj' with 1 target frameworks
10:57:52.663 |I| Build                          | RequestBuilder thread:6        | Targets for build: _CheckForInvalidConfigurationAndPlatform;CollectCentralPackageVersions;ResolveReferences;ResolveProjectReferences;ResolveAssemblyReferences;ResolveComReferences;ResolveNativeReferences;ResolveSdkReferences;ResolveFrameworkReferences;ResolvePackageDependenciesDesignTime;DesignTimeMarkupCompilation;Compile;CoreCompile;XamlMarkupCompilePass1
10:57:52.663 |I| ProjectModel                   | RequestBuilder thread:6        | Project 'Unity.VSCode.Editor.csproj' has load-time sensitive targets: XamlMarkupCompilePass1
10:57:52.663 |I| BuildQueue                     | RequestBuilder thread:6        | Build immediately: Unity.VSCode.Editor.csproj
10:57:52.663 |I| Build                          | RequestBuilder thread:6        | Start build 'Unity.VSCode.Editor.csproj' with 1 target frameworks
10:57:52.666 |I| Build                          | RequestBuilder thread:6        | Targets for build: _CheckForInvalidConfigurationAndPlatform;CollectCentralPackageVersions;ResolveReferences;ResolveProjectReferences;ResolveAssemblyReferences;ResolveComReferences;ResolveNativeReferences;ResolveSdkReferences;ResolveFrameworkReferences;ResolvePackageDependenciesDesignTime;DesignTimeMarkupCompilation;Compile;CoreCompile;XamlMarkupCompilePass1
10:57:52.666 |I| ProjectModel                   | RequestBuilder thread:6        | Project 'Unity.InputSystem.TestFramework.csproj' has load-time sensitive targets: XamlMarkupCompilePass1
10:57:52.666 |I| BuildQueue                     | RequestBuilder thread:6        | Build immediately: Unity.InputSystem.TestFramework.csproj
10:57:52.667 |I| Build                          | RequestBuilder thread:6        | Start build 'Unity.InputSystem.TestFramework.csproj' with 1 target frameworks
10:57:52.668 |I| Build                          | RequestBuilder thread:6        | Targets for build: _CheckForInvalidConfigurationAndPlatform;CollectCentralPackageVersions;ResolveReferences;ResolveProjectReferences;ResolveAssemblyReferences;ResolveComReferences;ResolveNativeReferences;ResolveSdkReferences;ResolveFrameworkReferences;ResolvePackageDependenciesDesignTime;DesignTimeMarkupCompilation;Compile;CoreCompile;XamlMarkupCompilePass1
10:57:52.668 |I| ProjectModel                   | RequestBuilder thread:6        | Project 'UnityEngine.TestRunner.Player.csproj' has load-time sensitive targets: XamlMarkupCompilePass1
10:57:52.668 |I| BuildQueue                     | RequestBuilder thread:6        | Build immediately: UnityEngine.TestRunner.Player.csproj
10:57:52.668 |I| Build                          | RequestBuilder thread:6        | Start build 'UnityEngine.TestRunner.Player.csproj' with 1 target frameworks
10:57:52.669 |I| Build                          | RequestBuilder thread:6        | Targets for build: _CheckForInvalidConfigurationAndPlatform;CollectCentralPackageVersions;ResolveReferences;ResolveProjectReferences;ResolveAssemblyReferences;ResolveComReferences;ResolveNativeReferences;ResolveSdkReferences;ResolveFrameworkReferences;ResolvePackageDependenciesDesignTime;DesignTimeMarkupCompilation;Compile;CoreCompile;XamlMarkupCompilePass1
10:57:52.669 |I| ProjectModel                   | RequestBuilder thread:6        | Project 'UnityEngine.TestRunner.csproj' has load-time sensitive targets: XamlMarkupCompilePass1
10:57:52.670 |I| BuildQueue                     | RequestBuilder thread:6        | Build immediately: UnityEngine.TestRunner.csproj
10:57:52.670 |I| Build                          | RequestBuilder thread:6        | Start build 'UnityEngine.TestRunner.csproj' with 1 target frameworks
10:57:52.671 |I| Build                          | RequestBuilder thread:6        | Targets for build: _CheckForInvalidConfigurationAndPlatform;CollectCentralPackageVersions;ResolveReferences;ResolveProjectReferences;ResolveAssemblyReferences;ResolveComReferences;ResolveNativeReferences;ResolveSdkReferences;ResolveFrameworkReferences;ResolvePackageDependenciesDesignTime;DesignTimeMarkupCompilation;Compile;CoreCompile;XamlMarkupCompilePass1
10:57:52.671 |I| ProjectModel                   | RequestBuilder thread:6        | Project 'UnityEditor.UI.csproj' has load-time sensitive targets: XamlMarkupCompilePass1
10:57:52.671 |I| BuildQueue                     | RequestBuilder thread:6        | Build immediately: UnityEditor.UI.csproj
10:57:52.671 |I| Build                          | RequestBuilder thread:6        | Start build 'UnityEditor.UI.csproj' with 1 target frameworks
10:57:52.673 |I| Build                          | RequestBuilder thread:6        | Targets for build: _CheckForInvalidConfigurationAndPlatform;CollectCentralPackageVersions;ResolveReferences;ResolveProjectReferences;ResolveAssemblyReferences;ResolveComReferences;ResolveNativeReferences;ResolveSdkReferences;ResolveFrameworkReferences;ResolvePackageDependenciesDesignTime;DesignTimeMarkupCompilation;Compile;CoreCompile;XamlMarkupCompilePass1
10:57:52.673 |I| ProjectModel                   | RequestBuilder thread:6        | Project 'Unity.PlasticSCM.Editor.csproj' has load-time sensitive targets: XamlMarkupCompilePass1
10:57:52.673 |I| BuildQueue                     | RequestBuilder thread:6        | Build immediately: Unity.PlasticSCM.Editor.csproj
10:57:52.673 |I| Build                          | RequestBuilder thread:6        | Start build 'Unity.PlasticSCM.Editor.csproj' with 1 target frameworks
10:57:52.676 |I| Build                          | RequestBuilder thread:6        | Targets for build: _CheckForInvalidConfigurationAndPlatform;CollectCentralPackageVersions;ResolveReferences;ResolveProjectReferences;ResolveAssemblyReferences;ResolveComReferences;ResolveNativeReferences;ResolveSdkReferences;ResolveFrameworkReferences;ResolvePackageDependenciesDesignTime;DesignTimeMarkupCompilation;Compile;CoreCompile;XamlMarkupCompilePass1
10:57:52.676 |I| ProjectModel                   | RequestBuilder thread:6        | Project 'Unity.VisualScripting.Flow.csproj' has load-time sensitive targets: XamlMarkupCompilePass1
10:57:52.676 |I| BuildQueue                     | RequestBuilder thread:6        | Build immediately: Unity.VisualScripting.Flow.csproj
10:57:52.676 |I| Build                          | RequestBuilder thread:6        | Start build 'Unity.VisualScripting.Flow.csproj' with 1 target frameworks
10:57:52.678 |I| Build                          | RequestBuilder thread:6        | Targets for build: _CheckForInvalidConfigurationAndPlatform;CollectCentralPackageVersions;ResolveReferences;ResolveProjectReferences;ResolveAssemblyReferences;ResolveComReferences;ResolveNativeReferences;ResolveSdkReferences;ResolveFrameworkReferences;ResolvePackageDependenciesDesignTime;DesignTimeMarkupCompilation;Compile;CoreCompile;XamlMarkupCompilePass1
10:57:52.678 |I| ProjectModel                   | RequestBuilder thread:6        | Project 'Unity.VisualScripting.Flow.Player.csproj' has load-time sensitive targets: XamlMarkupCompilePass1
10:57:52.678 |I| BuildQueue                     | RequestBuilder thread:6        | Build immediately: Unity.VisualScripting.Flow.Player.csproj
10:57:52.678 |I| Build                          | RequestBuilder thread:6        | Start build 'Unity.VisualScripting.Flow.Player.csproj' with 1 target frameworks
10:57:52.681 |I| Build                          | RequestBuilder thread:6        | Targets for build: _CheckForInvalidConfigurationAndPlatform;CollectCentralPackageVersions;ResolveReferences;ResolveProjectReferences;ResolveAssemblyReferences;ResolveComReferences;ResolveNativeReferences;ResolveSdkReferences;ResolveFrameworkReferences;ResolvePackageDependenciesDesignTime;DesignTimeMarkupCompilation;Compile;CoreCompile;XamlMarkupCompilePass1
10:57:52.682 |I| ProjectModel                   | RequestBuilder thread:6        | Project 'Unity.TestTools.CodeCoverage.Editor.OpenCover.Model.csproj' has load-time sensitive targets: XamlMarkupCompilePass1
10:57:52.682 |I| BuildQueue                     | RequestBuilder thread:6        | Build immediately: Unity.TestTools.CodeCoverage.Editor.OpenCover.Model.csproj
10:57:52.682 |I| Build                          | RequestBuilder thread:6        | Start build 'Unity.TestTools.CodeCoverage.Editor.OpenCover.Model.csproj' with 1 target frameworks
10:57:52.684 |I| Build                          | RequestBuilder thread:6        | Targets for build: _CheckForInvalidConfigurationAndPlatform;CollectCentralPackageVersions;ResolveReferences;ResolveProjectReferences;ResolveAssemblyReferences;ResolveComReferences;ResolveNativeReferences;ResolveSdkReferences;ResolveFrameworkReferences;ResolvePackageDependenciesDesignTime;DesignTimeMarkupCompilation;Compile;CoreCompile;XamlMarkupCompilePass1
10:57:52.684 |I| ProjectModel                   | RequestBuilder thread:6        | Project 'Unity.XR.Interaction.Toolkit.Player.csproj' has load-time sensitive targets: XamlMarkupCompilePass1
10:57:52.684 |I| BuildQueue                     | RequestBuilder thread:6        | Build immediately: Unity.XR.Interaction.Toolkit.Player.csproj
10:57:52.684 |I| Build                          | RequestBuilder thread:6        | Start build 'Unity.XR.Interaction.Toolkit.Player.csproj' with 1 target frameworks
10:57:52.686 |I| Build                          | RequestBuilder thread:6        | Targets for build: _CheckForInvalidConfigurationAndPlatform;CollectCentralPackageVersions;ResolveReferences;ResolveProjectReferences;ResolveAssemblyReferences;ResolveComReferences;ResolveNativeReferences;ResolveSdkReferences;ResolveFrameworkReferences;ResolvePackageDependenciesDesignTime;DesignTimeMarkupCompilation;Compile;CoreCompile;XamlMarkupCompilePass1
10:57:52.686 |I| ProjectModel                   | RequestBuilder thread:6        | Project 'Unity.XR.Interaction.Toolkit.csproj' has load-time sensitive targets: XamlMarkupCompilePass1
10:57:52.686 |I| BuildQueue                     | RequestBuilder thread:6        | Build immediately: Unity.XR.Interaction.Toolkit.csproj
10:57:52.687 |I| Build                          | RequestBuilder thread:6        | Start build 'Unity.XR.Interaction.Toolkit.csproj' with 1 target frameworks
10:57:52.690 |I| Build                          | RequestBuilder thread:6        | Targets for build: _CheckForInvalidConfigurationAndPlatform;CollectCentralPackageVersions;ResolveReferences;ResolveProjectReferences;ResolveAssemblyReferences;ResolveComReferences;ResolveNativeReferences;ResolveSdkReferences;ResolveFrameworkReferences;ResolvePackageDependenciesDesignTime;DesignTimeMarkupCompilation;Compile;CoreCompile;XamlMarkupCompilePass1
10:57:52.690 |I| ProjectModel                   | RequestBuilder thread:6        | Project 'Unity.EditorCoroutines.Editor.csproj' has load-time sensitive targets: XamlMarkupCompilePass1
10:57:52.690 |I| BuildQueue                     | RequestBuilder thread:6        | Build immediately: Unity.EditorCoroutines.Editor.csproj
10:57:52.690 |I| Build                          | RequestBuilder thread:6        | Start build 'Unity.EditorCoroutines.Editor.csproj' with 1 target frameworks
10:57:52.707 |I| Build                          | RequestBuilder thread:6        | Targets for build: _CheckForInvalidConfigurationAndPlatform;CollectCentralPackageVersions;ResolveReferences;ResolveProjectReferences;ResolveAssemblyReferences;ResolveComReferences;ResolveNativeReferences;ResolveSdkReferences;ResolveFrameworkReferences;ResolvePackageDependenciesDesignTime;DesignTimeMarkupCompilation;Compile;CoreCompile;XamlMarkupCompilePass1
10:57:52.707 |I| ProjectModel                   | RequestBuilder thread:6        | Project 'Unity.VisualScripting.Core.Editor.csproj' has load-time sensitive targets: XamlMarkupCompilePass1
10:57:52.707 |I| BuildQueue                     | RequestBuilder thread:6        | Build immediately: Unity.VisualScripting.Core.Editor.csproj
10:57:52.707 |I| Build                          | RequestBuilder thread:6        | Start build 'Unity.VisualScripting.Core.Editor.csproj' with 1 target frameworks
10:57:52.709 |I| Build                          | RequestBuilder thread:6        | Targets for build: _CheckForInvalidConfigurationAndPlatform;CollectCentralPackageVersions;ResolveReferences;ResolveProjectReferences;ResolveAssemblyReferences;ResolveComReferences;ResolveNativeReferences;ResolveSdkReferences;ResolveFrameworkReferences;ResolvePackageDependenciesDesignTime;DesignTimeMarkupCompilation;Compile;CoreCompile;XamlMarkupCompilePass1
10:57:52.709 |I| ProjectModel                   | RequestBuilder thread:6        | Project 'Unity.Mathematics.Player.csproj' has load-time sensitive targets: XamlMarkupCompilePass1
10:57:52.710 |I| BuildQueue                     | RequestBuilder thread:6        | Build immediately: Unity.Mathematics.Player.csproj
10:57:52.710 |I| Build                          | RequestBuilder thread:6        | Start build 'Unity.Mathematics.Player.csproj' with 1 target frameworks
10:57:52.712 |I| Build                          | RequestBuilder thread:6        | Targets for build: _CheckForInvalidConfigurationAndPlatform;CollectCentralPackageVersions;ResolveReferences;ResolveProjectReferences;ResolveAssemblyReferences;ResolveComReferences;ResolveNativeReferences;ResolveSdkReferences;ResolveFrameworkReferences;ResolvePackageDependenciesDesignTime;DesignTimeMarkupCompilation;Compile;CoreCompile;XamlMarkupCompilePass1
10:57:52.712 |I| ProjectModel                   | RequestBuilder thread:6        | Project 'Unity.Settings.Editor.csproj' has load-time sensitive targets: XamlMarkupCompilePass1
10:57:52.712 |I| BuildQueue                     | RequestBuilder thread:6        | Build immediately: Unity.Settings.Editor.csproj
10:57:52.712 |I| Build                          | RequestBuilder thread:6        | Start build 'Unity.Settings.Editor.csproj' with 1 target frameworks
10:57:52.714 |I| Build                          | RequestBuilder thread:6        | Targets for build: _CheckForInvalidConfigurationAndPlatform;CollectCentralPackageVersions;ResolveReferences;ResolveProjectReferences;ResolveAssemblyReferences;ResolveComReferences;ResolveNativeReferences;ResolveSdkReferences;ResolveFrameworkReferences;ResolvePackageDependenciesDesignTime;DesignTimeMarkupCompilation;Compile;CoreCompile;XamlMarkupCompilePass1
10:57:52.714 |I| ProjectModel                   | RequestBuilder thread:6        | Project 'Unity.Mathematics.csproj' has load-time sensitive targets: XamlMarkupCompilePass1
10:57:52.714 |I| BuildQueue                     | RequestBuilder thread:6        | Build immediately: Unity.Mathematics.csproj
10:57:52.714 |I| Build                          | RequestBuilder thread:6        | Start build 'Unity.Mathematics.csproj' with 1 target frameworks
10:57:52.722 |I| Build                          | RequestBuilder thread:6        | Targets for build: _CheckForInvalidConfigurationAndPlatform;CollectCentralPackageVersions;ResolveReferences;ResolveProjectReferences;ResolveAssemblyReferences;ResolveComReferences;ResolveNativeReferences;ResolveSdkReferences;ResolveFrameworkReferences;ResolvePackageDependenciesDesignTime;DesignTimeMarkupCompilation;Compile;CoreCompile;XamlMarkupCompilePass1
10:57:52.723 |I| ProjectModel                   | RequestBuilder thread:6        | Project 'Unity.VisualScripting.Flow.Editor.csproj' has load-time sensitive targets: XamlMarkupCompilePass1
10:57:52.723 |I| BuildQueue                     | RequestBuilder thread:6        | Build immediately: Unity.VisualScripting.Flow.Editor.csproj
10:57:52.723 |I| Build                          | RequestBuilder thread:6        | Start build 'Unity.VisualScripting.Flow.Editor.csproj' with 1 target frameworks
10:57:52.725 |I| Build                          | RequestBuilder thread:6        | Targets for build: _CheckForInvalidConfigurationAndPlatform;CollectCentralPackageVersions;ResolveReferences;ResolveProjectReferences;ResolveAssemblyReferences;ResolveComReferences;ResolveNativeReferences;ResolveSdkReferences;ResolveFrameworkReferences;ResolvePackageDependenciesDesignTime;DesignTimeMarkupCompilation;Compile;CoreCompile;XamlMarkupCompilePass1
10:57:52.725 |I| ProjectModel                   | RequestBuilder thread:6        | Project 'UnityEditor.SpatialTracking.csproj' has load-time sensitive targets: XamlMarkupCompilePass1
10:57:52.725 |I| BuildQueue                     | RequestBuilder thread:6        | Build immediately: UnityEditor.SpatialTracking.csproj
10:57:52.725 |I| Build                          | RequestBuilder thread:6        | Start build 'UnityEditor.SpatialTracking.csproj' with 1 target frameworks
10:57:52.726 |I| Build                          | RequestBuilder thread:6        | Targets for build: _CheckForInvalidConfigurationAndPlatform;CollectCentralPackageVersions;ResolveReferences;ResolveProjectReferences;ResolveAssemblyReferences;ResolveComReferences;ResolveNativeReferences;ResolveSdkReferences;ResolveFrameworkReferences;ResolvePackageDependenciesDesignTime;DesignTimeMarkupCompilation;Compile;CoreCompile;XamlMarkupCompilePass1
10:57:52.726 |I| ProjectModel                   | RequestBuilder thread:6        | Project 'Unity.VisualStudio.Editor.csproj' has load-time sensitive targets: XamlMarkupCompilePass1
10:57:52.726 |I| BuildQueue                     | RequestBuilder thread:6        | Build immediately: Unity.VisualStudio.Editor.csproj
10:57:52.726 |I| Build                          | RequestBuilder thread:6        | Start build 'Unity.VisualStudio.Editor.csproj' with 1 target frameworks
10:57:52.727 |I| Build                          | RequestBuilder thread:6        | Targets for build: _CheckForInvalidConfigurationAndPlatform;CollectCentralPackageVersions;ResolveReferences;ResolveProjectReferences;ResolveAssemblyReferences;ResolveComReferences;ResolveNativeReferences;ResolveSdkReferences;ResolveFrameworkReferences;ResolvePackageDependenciesDesignTime;DesignTimeMarkupCompilation;Compile;CoreCompile;XamlMarkupCompilePass1
10:57:52.727 |I| ProjectModel                   | RequestBuilder thread:6        | Project 'Unity.InputSystem.csproj' has load-time sensitive targets: XamlMarkupCompilePass1
10:57:52.727 |I| BuildQueue                     | RequestBuilder thread:6        | Build immediately: Unity.InputSystem.csproj
10:57:52.727 |I| Build                          | RequestBuilder thread:6        | Start build 'Unity.InputSystem.csproj' with 1 target frameworks
10:57:52.745 |I| Build                          | RequestBuilder thread:6        | Targets for build: _CheckForInvalidConfigurationAndPlatform;CollectCentralPackageVersions;ResolveReferences;ResolveProjectReferences;ResolveAssemblyReferences;ResolveComReferences;ResolveNativeReferences;ResolveSdkReferences;ResolveFrameworkReferences;ResolvePackageDependenciesDesignTime;DesignTimeMarkupCompilation;Compile;CoreCompile;XamlMarkupCompilePass1
10:57:52.746 |I| ProjectModel                   | RequestBuilder thread:6        | Project 'Unity.InputSystem.Player.csproj' has load-time sensitive targets: XamlMarkupCompilePass1
10:57:52.746 |I| BuildQueue                     | RequestBuilder thread:6        | Build immediately: Unity.InputSystem.Player.csproj
10:57:52.746 |I| Build                          | RequestBuilder thread:6        | Start build 'Unity.InputSystem.Player.csproj' with 1 target frameworks
10:57:52.747 |I| Build                          | RequestBuilder thread:6        | Targets for build: _CheckForInvalidConfigurationAndPlatform;CollectCentralPackageVersions;ResolveReferences;ResolveProjectReferences;ResolveAssemblyReferences;ResolveComReferences;ResolveNativeReferences;ResolveSdkReferences;ResolveFrameworkReferences;ResolvePackageDependenciesDesignTime;DesignTimeMarkupCompilation;Compile;CoreCompile;XamlMarkupCompilePass1
10:57:52.748 |I| ProjectModel                   | RequestBuilder thread:6        | Project 'Unity.Timeline.Editor.csproj' has load-time sensitive targets: XamlMarkupCompilePass1
10:57:52.748 |I| BuildQueue                     | RequestBuilder thread:6        | Build immediately: Unity.Timeline.Editor.csproj
10:57:52.748 |I| Build                          | RequestBuilder thread:6        | Start build 'Unity.Timeline.Editor.csproj' with 1 target frameworks
10:57:52.750 |I| Build                          | RequestBuilder thread:6        | Targets for build: _CheckForInvalidConfigurationAndPlatform;CollectCentralPackageVersions;ResolveReferences;ResolveProjectReferences;ResolveAssemblyReferences;ResolveComReferences;ResolveNativeReferences;ResolveSdkReferences;ResolveFrameworkReferences;ResolvePackageDependenciesDesignTime;DesignTimeMarkupCompilation;Compile;CoreCompile;XamlMarkupCompilePass1
10:57:52.750 |I| ProjectModel                   | RequestBuilder thread:6        | Project 'Unity.VisualScripting.State.csproj' has load-time sensitive targets: XamlMarkupCompilePass1
10:57:52.750 |I| BuildQueue                     | RequestBuilder thread:6        | Build immediately: Unity.VisualScripting.State.csproj
10:57:52.750 |I| Build                          | RequestBuilder thread:6        | Start build 'Unity.VisualScripting.State.csproj' with 1 target frameworks
10:57:52.751 |I| Build                          | RequestBuilder thread:6        | Targets for build: _CheckForInvalidConfigurationAndPlatform;CollectCentralPackageVersions;ResolveReferences;ResolveProjectReferences;ResolveAssemblyReferences;ResolveComReferences;ResolveNativeReferences;ResolveSdkReferences;ResolveFrameworkReferences;ResolvePackageDependenciesDesignTime;DesignTimeMarkupCompilation;Compile;CoreCompile;XamlMarkupCompilePass1
10:57:52.751 |I| ProjectModel                   | RequestBuilder thread:6        | Project 'Unity.VisualScripting.State.Player.csproj' has load-time sensitive targets: XamlMarkupCompilePass1
10:57:52.752 |I| BuildQueue                     | RequestBuilder thread:6        | Build immediately: Unity.VisualScripting.State.Player.csproj
10:57:52.752 |I| Build                          | RequestBuilder thread:6        | Start build 'Unity.VisualScripting.State.Player.csproj' with 1 target frameworks
10:57:52.758 |I| Build                          | RequestBuilder thread:6        | Targets for build: _CheckForInvalidConfigurationAndPlatform;CollectCentralPackageVersions;ResolveReferences;ResolveProjectReferences;ResolveAssemblyReferences;ResolveComReferences;ResolveNativeReferences;ResolveSdkReferences;ResolveFrameworkReferences;ResolvePackageDependenciesDesignTime;DesignTimeMarkupCompilation;Compile;CoreCompile;XamlMarkupCompilePass1
10:57:52.758 |I| ProjectModel                   | RequestBuilder thread:6        | Project 'JetBrains.Frontend.2021.2.csproj' has load-time sensitive targets: XamlMarkupCompilePass1
10:57:52.758 |I| BuildQueue                     | RequestBuilder thread:6        | Build immediately: JetBrains.Frontend.2021.2.csproj
10:57:52.758 |I| Build                          | RequestBuilder thread:6        | Start build 'JetBrains.Frontend.2021.2.csproj' with 1 target frameworks
10:57:52.760 |I| Build                          | RequestBuilder thread:6        | Targets for build: _CheckForInvalidConfigurationAndPlatform;CollectCentralPackageVersions;ResolveReferences;ResolveProjectReferences;ResolveAssemblyReferences;ResolveComReferences;ResolveNativeReferences;ResolveSdkReferences;ResolveFrameworkReferences;ResolvePackageDependenciesDesignTime;DesignTimeMarkupCompilation;Compile;CoreCompile;XamlMarkupCompilePass1
10:57:52.760 |I| ProjectModel                   | RequestBuilder thread:6        | Project 'Unity.VisualScripting.State.Editor.csproj' has load-time sensitive targets: XamlMarkupCompilePass1
10:57:52.761 |I| BuildQueue                     | RequestBuilder thread:6        | Build immediately: Unity.VisualScripting.State.Editor.csproj
10:57:52.761 |I| Build                          | RequestBuilder thread:6        | Start build 'Unity.VisualScripting.State.Editor.csproj' with 1 target frameworks
10:57:52.761 |I| Build                          | RequestBuilder thread:6        | Targets for build: _CheckForInvalidConfigurationAndPlatform;CollectCentralPackageVersions;ResolveReferences;ResolveProjectReferences;ResolveAssemblyReferences;ResolveComReferences;ResolveNativeReferences;ResolveSdkReferences;ResolveFrameworkReferences;ResolvePackageDependenciesDesignTime;DesignTimeMarkupCompilation;Compile;CoreCompile;XamlMarkupCompilePass1
10:57:52.761 |I| ProjectModel                   | RequestBuilder thread:6        | Project 'Unity.CollabProxy.Editor.csproj' has load-time sensitive targets: XamlMarkupCompilePass1
10:57:52.763 |I| BuildQueue                     | RequestBuilder thread:6        | Build immediately: Unity.CollabProxy.Editor.csproj
10:57:52.763 |I| Build                          | RequestBuilder thread:6        | Start build 'Unity.CollabProxy.Editor.csproj' with 1 target frameworks
10:57:52.764 |I| Build                          | RequestBuilder thread:6        | Targets for build: _CheckForInvalidConfigurationAndPlatform;CollectCentralPackageVersions;ResolveReferences;ResolveProjectReferences;ResolveAssemblyReferences;ResolveComReferences;ResolveNativeReferences;ResolveSdkReferences;ResolveFrameworkReferences;ResolvePackageDependenciesDesignTime;DesignTimeMarkupCompilation;Compile;CoreCompile;XamlMarkupCompilePass1
10:57:52.764 |I| ProjectModel                   | RequestBuilder thread:6        | Project 'Unity.VisualScripting.Core.Player.csproj' has load-time sensitive targets: XamlMarkupCompilePass1
10:57:52.764 |I| BuildQueue                     | RequestBuilder thread:6        | Build immediately: Unity.VisualScripting.Core.Player.csproj
10:57:52.764 |I| Build                          | RequestBuilder thread:6        | Start build 'Unity.VisualScripting.Core.Player.csproj' with 1 target frameworks
10:57:52.769 |I| Build                          | RequestBuilder thread:6        | Targets for build: _CheckForInvalidConfigurationAndPlatform;CollectCentralPackageVersions;ResolveReferences;ResolveProjectReferences;ResolveAssemblyReferences;ResolveComReferences;ResolveNativeReferences;ResolveSdkReferences;ResolveFrameworkReferences;ResolvePackageDependenciesDesignTime;DesignTimeMarkupCompilation;Compile;CoreCompile;XamlMarkupCompilePass1
10:57:52.769 |I| ProjectModel                   | RequestBuilder thread:6        | Project 'Unity.VisualScripting.Core.csproj' has load-time sensitive targets: XamlMarkupCompilePass1
10:57:52.769 |I| BuildQueue                     | RequestBuilder thread:6        | Build immediately: Unity.VisualScripting.Core.csproj
10:57:52.769 |I| Build                          | RequestBuilder thread:6        | Start build 'Unity.VisualScripting.Core.csproj' with 1 target frameworks
10:57:52.772 |I| Build                          | RequestBuilder thread:6        | Targets for build: _CheckForInvalidConfigurationAndPlatform;CollectCentralPackageVersions;ResolveReferences;ResolveProjectReferences;ResolveAssemblyReferences;ResolveComReferences;ResolveNativeReferences;ResolveSdkReferences;ResolveFrameworkReferences;ResolvePackageDependenciesDesignTime;DesignTimeMarkupCompilation;Compile;CoreCompile;XamlMarkupCompilePass1
10:57:52.774 |I| ProjectModel                   | RequestBuilder thread:6        | Project 'Unity.Mathematics.Editor.csproj' has load-time sensitive targets: XamlMarkupCompilePass1
10:57:52.774 |I| BuildQueue                     | RequestBuilder thread:6        | Build immediately: Unity.Mathematics.Editor.csproj
10:57:52.774 |I| Build                          | RequestBuilder thread:6        | Start build 'Unity.Mathematics.Editor.csproj' with 1 target frameworks
10:57:52.775 |I| Build                          | RequestBuilder thread:6        | Targets for build: _CheckForInvalidConfigurationAndPlatform;CollectCentralPackageVersions;ResolveReferences;ResolveProjectReferences;ResolveAssemblyReferences;ResolveComReferences;ResolveNativeReferences;ResolveSdkReferences;ResolveFrameworkReferences;ResolvePackageDependenciesDesignTime;DesignTimeMarkupCompilation;Compile;CoreCompile;XamlMarkupCompilePass1
10:57:52.775 |I| ProjectModel                   | RequestBuilder thread:6        | Project 'UnityEngine.XR.LegacyInputHelpers.csproj' has load-time sensitive targets: XamlMarkupCompilePass1
10:57:52.776 |I| BuildQueue                     | RequestBuilder thread:6        | Build immediately: UnityEngine.XR.LegacyInputHelpers.csproj
10:57:52.776 |I| Build                          | RequestBuilder thread:6        | Start build 'UnityEngine.XR.LegacyInputHelpers.csproj' with 1 target frameworks
10:57:52.795 |I| Build                          | RequestBuilder thread:6        | Targets for build: _CheckForInvalidConfigurationAndPlatform;CollectCentralPackageVersions;ResolveReferences;ResolveProjectReferences;ResolveAssemblyReferences;ResolveComReferences;ResolveNativeReferences;ResolveSdkReferences;ResolveFrameworkReferences;ResolvePackageDependenciesDesignTime;DesignTimeMarkupCompilation;Compile;CoreCompile;XamlMarkupCompilePass1
10:57:52.795 |I| ProjectModel                   | RequestBuilder thread:6        | Project 'UnityEngine.XR.LegacyInputHelpers.Player.csproj' has load-time sensitive targets: XamlMarkupCompilePass1
10:57:52.795 |I| BuildQueue                     | RequestBuilder thread:6        | Build immediately: UnityEngine.XR.LegacyInputHelpers.Player.csproj
10:57:52.795 |I| Build                          | RequestBuilder thread:6        | Start build 'UnityEngine.XR.LegacyInputHelpers.Player.csproj' with 1 target frameworks
10:57:52.841 |I| Build                          | RequestBuilder thread:6        | Targets for build: _CheckForInvalidConfigurationAndPlatform;CollectCentralPackageVersions;ResolveReferences;ResolveProjectReferences;ResolveAssemblyReferences;ResolveComReferences;ResolveNativeReferences;ResolveSdkReferences;ResolveFrameworkReferences;ResolvePackageDependenciesDesignTime;DesignTimeMarkupCompilation;Compile;CoreCompile;XamlMarkupCompilePass1
10:57:52.843 |I| ProjectModel                   | RequestBuilder thread:6        | Project 'Unity.XR.Interaction.Toolkit.Editor.csproj' has load-time sensitive targets: XamlMarkupCompilePass1
10:57:52.843 |I| BuildQueue                     | RequestBuilder thread:6        | Build immediately: Unity.XR.Interaction.Toolkit.Editor.csproj
10:57:52.843 |I| Build                          | RequestBuilder thread:6        | Start build 'Unity.XR.Interaction.Toolkit.Editor.csproj' with 1 target frameworks
10:57:52.846 |I| Build                          | RequestBuilder thread:6        | Targets for build: _CheckForInvalidConfigurationAndPlatform;CollectCentralPackageVersions;ResolveReferences;ResolveProjectReferences;ResolveAssemblyReferences;ResolveComReferences;ResolveNativeReferences;ResolveSdkReferences;ResolveFrameworkReferences;ResolvePackageDependenciesDesignTime;DesignTimeMarkupCompilation;Compile;CoreCompile;XamlMarkupCompilePass1
10:57:52.846 |I| ProjectModel                   | RequestBuilder thread:6        | Project 'UnityEditor.XR.LegacyInputHelpers.csproj' has load-time sensitive targets: XamlMarkupCompilePass1
10:57:52.846 |I| BuildQueue                     | RequestBuilder thread:6        | Build immediately: UnityEditor.XR.LegacyInputHelpers.csproj
10:57:52.846 |I| Build                          | RequestBuilder thread:6        | Start build 'UnityEditor.XR.LegacyInputHelpers.csproj' with 1 target frameworks
10:57:52.848 |I| Build                          | RequestBuilder thread:6        | Targets for build: _CheckForInvalidConfigurationAndPlatform;CollectCentralPackageVersions;ResolveReferences;ResolveProjectReferences;ResolveAssemblyReferences;ResolveComReferences;ResolveNativeReferences;ResolveSdkReferences;ResolveFrameworkReferences;ResolvePackageDependenciesDesignTime;DesignTimeMarkupCompilation;Compile;CoreCompile;XamlMarkupCompilePass1
10:57:52.848 |I| ProjectModel                   | RequestBuilder thread:6        | Project 'Unity.XR.Oculus.Player.csproj' has load-time sensitive targets: XamlMarkupCompilePass1
10:57:52.848 |I| BuildQueue                     | RequestBuilder thread:6        | Build immediately: Unity.XR.Oculus.Player.csproj
10:57:52.848 |I| Build                          | RequestBuilder thread:6        | Start build 'Unity.XR.Oculus.Player.csproj' with 1 target frameworks
10:57:52.850 |I| Build                          | RequestBuilder thread:6        | Targets for build: _CheckForInvalidConfigurationAndPlatform;CollectCentralPackageVersions;ResolveReferences;ResolveProjectReferences;ResolveAssemblyReferences;ResolveComReferences;ResolveNativeReferences;ResolveSdkReferences;ResolveFrameworkReferences;ResolvePackageDependenciesDesignTime;DesignTimeMarkupCompilation;Compile;CoreCompile;XamlMarkupCompilePass1
10:57:52.850 |I| ProjectModel                   | RequestBuilder thread:6        | Project 'Unity.TextMeshPro.Editor.csproj' has load-time sensitive targets: XamlMarkupCompilePass1
10:57:52.850 |I| BuildQueue                     | RequestBuilder thread:6        | Build immediately: Unity.TextMeshPro.Editor.csproj
10:57:52.850 |I| Build                          | RequestBuilder thread:6        | Start build 'Unity.TextMeshPro.Editor.csproj' with 1 target frameworks
10:57:52.851 |I| Build                          | RequestBuilder thread:6        | Targets for build: _CheckForInvalidConfigurationAndPlatform;CollectCentralPackageVersions;ResolveReferences;ResolveProjectReferences;ResolveAssemblyReferences;ResolveComReferences;ResolveNativeReferences;ResolveSdkReferences;ResolveFrameworkReferences;ResolvePackageDependenciesDesignTime;DesignTimeMarkupCompilation;Compile;CoreCompile;XamlMarkupCompilePass1
10:57:52.852 |I| ProjectModel                   | RequestBuilder thread:6        | Project 'Unity.XR.Oculus.csproj' has load-time sensitive targets: XamlMarkupCompilePass1
10:57:52.852 |I| BuildQueue                     | RequestBuilder thread:6        | Build immediately: Unity.XR.Oculus.csproj
10:57:52.852 |I| Build                          | RequestBuilder thread:6        | Start build 'Unity.XR.Oculus.csproj' with 1 target frameworks
10:57:52.853 |I| Build                          | RequestBuilder thread:6        | Targets for build: _CheckForInvalidConfigurationAndPlatform;CollectCentralPackageVersions;ResolveReferences;ResolveProjectReferences;ResolveAssemblyReferences;ResolveComReferences;ResolveNativeReferences;ResolveSdkReferences;ResolveFrameworkReferences;ResolvePackageDependenciesDesignTime;DesignTimeMarkupCompilation;Compile;CoreCompile;XamlMarkupCompilePass1
10:57:52.853 |I| ProjectModel                   | RequestBuilder thread:6        | Project 'Unity.XR.Oculus.Editor.csproj' has load-time sensitive targets: XamlMarkupCompilePass1
10:57:52.853 |I| BuildQueue                     | RequestBuilder thread:6        | Build immediately: Unity.XR.Oculus.Editor.csproj
10:57:52.853 |I| Build                          | RequestBuilder thread:6        | Start build 'Unity.XR.Oculus.Editor.csproj' with 1 target frameworks
10:57:52.854 |I| Build                          | RequestBuilder thread:6        | Targets for build: _CheckForInvalidConfigurationAndPlatform;CollectCentralPackageVersions;ResolveReferences;ResolveProjectReferences;ResolveAssemblyReferences;ResolveComReferences;ResolveNativeReferences;ResolveSdkReferences;ResolveFrameworkReferences;ResolvePackageDependenciesDesignTime;DesignTimeMarkupCompilation;Compile;CoreCompile;XamlMarkupCompilePass1
10:57:52.855 |I| ProjectModel                   | RequestBuilder thread:6        | Project 'Unity.VisualScripting.SettingsProvider.Editor.csproj' has load-time sensitive targets: XamlMarkupCompilePass1
10:57:52.855 |I| BuildQueue                     | RequestBuilder thread:6        | Build immediately: Unity.VisualScripting.SettingsProvider.Editor.csproj
10:57:52.855 |I| Build                          | RequestBuilder thread:6        | Start build 'Unity.VisualScripting.SettingsProvider.Editor.csproj' with 1 target frameworks
10:57:52.856 |I| Build                          | RequestBuilder thread:6        | Targets for build: _CheckForInvalidConfigurationAndPlatform;CollectCentralPackageVersions;ResolveReferences;ResolveProjectReferences;ResolveAssemblyReferences;ResolveComReferences;ResolveNativeReferences;ResolveSdkReferences;ResolveFrameworkReferences;ResolvePackageDependenciesDesignTime;DesignTimeMarkupCompilation;Compile;CoreCompile;XamlMarkupCompilePass1
10:57:52.856 |I| ProjectModel                   | RequestBuilder thread:6        | Project 'Assembly-CSharp.Player.csproj' has load-time sensitive targets: XamlMarkupCompilePass1
10:57:52.857 |I| BuildQueue                     | RequestBuilder thread:6        | Build immediately: Assembly-CSharp.Player.csproj
10:57:52.858 |I| Build                          | RequestBuilder thread:6        | Start build 'Assembly-CSharp.Player.csproj' with 1 target frameworks
10:57:52.861 |I| Build                          | RequestBuilder thread:6        | Targets for build: _CheckForInvalidConfigurationAndPlatform;CollectCentralPackageVersions;ResolveReferences;ResolveProjectReferences;ResolveAssemblyReferences;ResolveComReferences;ResolveNativeReferences;ResolveSdkReferences;ResolveFrameworkReferences;ResolvePackageDependenciesDesignTime;DesignTimeMarkupCompilation;Compile;CoreCompile;XamlMarkupCompilePass1
10:57:52.863 |I| ProjectModel                   | RequestBuilder thread:6        | Project 'Assembly-CSharp.csproj' has load-time sensitive targets: XamlMarkupCompilePass1
10:57:52.863 |I| BuildQueue                     | RequestBuilder thread:6        | Build immediately: Assembly-CSharp.csproj
10:57:52.863 |I| Build                          | RequestBuilder thread:6        | Start build 'Assembly-CSharp.csproj' with 1 target frameworks
10:57:52.865 |I| Build                          | RequestBuilder thread:6        | Targets for build: _CheckForInvalidConfigurationAndPlatform;CollectCentralPackageVersions;ResolveReferences;ResolveProjectReferences;ResolveAssemblyReferences;ResolveComReferences;ResolveNativeReferences;ResolveSdkReferences;ResolveFrameworkReferences;ResolvePackageDependenciesDesignTime;DesignTimeMarkupCompilation;Compile;CoreCompile;XamlMarkupCompilePass1
10:57:52.865 |I| ProjectModel                   | RequestBuilder thread:6        | Project 'Unity.TextMeshPro.Player.csproj' has load-time sensitive targets: XamlMarkupCompilePass1
10:57:52.865 |I| BuildQueue                     | RequestBuilder thread:6        | Build immediately: Unity.TextMeshPro.Player.csproj
10:57:52.865 |I| Build                          | RequestBuilder thread:6        | Start build 'Unity.TextMeshPro.Player.csproj' with 1 target frameworks
10:57:52.867 |I| Build                          | RequestBuilder thread:6        | Targets for build: _CheckForInvalidConfigurationAndPlatform;CollectCentralPackageVersions;ResolveReferences;ResolveProjectReferences;ResolveAssemblyReferences;ResolveComReferences;ResolveNativeReferences;ResolveSdkReferences;ResolveFrameworkReferences;ResolvePackageDependenciesDesignTime;DesignTimeMarkupCompilation;Compile;CoreCompile;XamlMarkupCompilePass1
10:57:52.867 |I| ProjectModel                   | RequestBuilder thread:6        | Project 'Unity.TextMeshPro.csproj' has load-time sensitive targets: XamlMarkupCompilePass1
10:57:52.867 |I| BuildQueue                     | RequestBuilder thread:6        | Build immediately: Unity.TextMeshPro.csproj
10:57:52.867 |I| Build                          | RequestBuilder thread:6        | Start build 'Unity.TextMeshPro.csproj' with 1 target frameworks
10:57:52.868 |I| Build                          | RequestBuilder thread:6        | Targets for build: _CheckForInvalidConfigurationAndPlatform;CollectCentralPackageVersions;ResolveReferences;ResolveProjectReferences;ResolveAssemblyReferences;ResolveComReferences;ResolveNativeReferences;ResolveSdkReferences;ResolveFrameworkReferences;ResolvePackageDependenciesDesignTime;DesignTimeMarkupCompilation;Compile;CoreCompile;XamlMarkupCompilePass1
10:57:52.869 |I| ProjectModel                   | RequestBuilder thread:6        | Project 'Unity.XR.Hands.Editor.csproj' has load-time sensitive targets: XamlMarkupCompilePass1
10:57:52.869 |I| BuildQueue                     | RequestBuilder thread:6        | Build immediately: Unity.XR.Hands.Editor.csproj
10:57:52.869 |I| Build                          | RequestBuilder thread:6        | Start build 'Unity.XR.Hands.Editor.csproj' with 1 target frameworks
10:57:52.870 |I| Build                          | RequestBuilder thread:6        | Targets for build: _CheckForInvalidConfigurationAndPlatform;CollectCentralPackageVersions;ResolveReferences;ResolveProjectReferences;ResolveAssemblyReferences;ResolveComReferences;ResolveNativeReferences;ResolveSdkReferences;ResolveFrameworkReferences;ResolvePackageDependenciesDesignTime;DesignTimeMarkupCompilation;Compile;CoreCompile;XamlMarkupCompilePass1
10:57:52.870 |I| ProjectModel                   | RequestBuilder thread:6        | Project 'UnityEditor.TestRunner.csproj' has load-time sensitive targets: XamlMarkupCompilePass1
10:57:52.870 |I| BuildQueue                     | RequestBuilder thread:6        | Build immediately: UnityEditor.TestRunner.csproj
10:57:52.871 |I| Build                          | RequestBuilder thread:6        | Start build 'UnityEditor.TestRunner.csproj' with 1 target frameworks
10:57:52.872 |I| Build                          | RequestBuilder thread:6        | Targets for build: _CheckForInvalidConfigurationAndPlatform;CollectCentralPackageVersions;ResolveReferences;ResolveProjectReferences;ResolveAssemblyReferences;ResolveComReferences;ResolveNativeReferences;ResolveSdkReferences;ResolveFrameworkReferences;ResolvePackageDependenciesDesignTime;DesignTimeMarkupCompilation;Compile;CoreCompile;XamlMarkupCompilePass1
10:57:52.872 |I| ProjectModel                   | RequestBuilder thread:6        | Project 'Unity.Timeline.Player.csproj' has load-time sensitive targets: XamlMarkupCompilePass1
10:57:52.872 |I| BuildQueue                     | RequestBuilder thread:6        | Build immediately: Unity.Timeline.Player.csproj
10:57:52.872 |I| Build                          | RequestBuilder thread:6        | Start build 'Unity.Timeline.Player.csproj' with 1 target frameworks
10:57:52.873 |I| Build                          | RequestBuilder thread:6        | Targets for build: _CheckForInvalidConfigurationAndPlatform;CollectCentralPackageVersions;ResolveReferences;ResolveProjectReferences;ResolveAssemblyReferences;ResolveComReferences;ResolveNativeReferences;ResolveSdkReferences;ResolveFrameworkReferences;ResolvePackageDependenciesDesignTime;DesignTimeMarkupCompilation;Compile;CoreCompile;XamlMarkupCompilePass1
10:57:52.874 |I| ProjectModel                   | RequestBuilder thread:6        | Project 'Unity.TestTools.CodeCoverage.Editor.csproj' has load-time sensitive targets: XamlMarkupCompilePass1
10:57:52.874 |I| BuildQueue                     | RequestBuilder thread:6        | Build immediately: Unity.TestTools.CodeCoverage.Editor.csproj
10:57:52.874 |I| Build                          | RequestBuilder thread:6        | Start build 'Unity.TestTools.CodeCoverage.Editor.csproj' with 1 target frameworks
10:57:52.875 |I| Build                          | RequestBuilder thread:6        | Targets for build: _CheckForInvalidConfigurationAndPlatform;CollectCentralPackageVersions;ResolveReferences;ResolveProjectReferences;ResolveAssemblyReferences;ResolveComReferences;ResolveNativeReferences;ResolveSdkReferences;ResolveFrameworkReferences;ResolvePackageDependenciesDesignTime;DesignTimeMarkupCompilation;Compile;CoreCompile;XamlMarkupCompilePass1
10:57:52.876 |I| ProjectModel                   | RequestBuilder thread:6        | Project 'Unity.Timeline.csproj' has load-time sensitive targets: XamlMarkupCompilePass1
10:57:52.876 |I| BuildQueue                     | RequestBuilder thread:6        | Build immediately: Unity.Timeline.csproj
10:57:52.876 |I| Build                          | RequestBuilder thread:6        | Start build 'Unity.Timeline.csproj' with 1 target frameworks
10:57:52.878 |I| Build                          | RequestBuilder thread:6        | Targets for build: _CheckForInvalidConfigurationAndPlatform;CollectCentralPackageVersions;ResolveReferences;ResolveProjectReferences;ResolveAssemblyReferences;ResolveComReferences;ResolveNativeReferences;ResolveSdkReferences;ResolveFrameworkReferences;ResolvePackageDependenciesDesignTime;DesignTimeMarkupCompilation;Compile;CoreCompile;XamlMarkupCompilePass1
10:57:52.878 |I| ProjectModel                   | RequestBuilder thread:6        | Project 'Unity.TestTools.CodeCoverage.Editor.OpenCover.Mono.Reflection.csproj' has load-time sensitive targets: XamlMarkupCompilePass1
10:57:52.878 |I| BuildQueue                     | RequestBuilder thread:6        | Build immediately: Unity.TestTools.CodeCoverage.Editor.OpenCover.Mono.Reflection.csproj
10:57:52.878 |I| Build                          | RequestBuilder thread:6        | Start build 'Unity.TestTools.CodeCoverage.Editor.OpenCover.Mono.Reflection.csproj' with 1 target frameworks
10:57:52.879 |I| Build                          | RequestBuilder thread:6        | Targets for build: _CheckForInvalidConfigurationAndPlatform;CollectCentralPackageVersions;ResolveReferences;ResolveProjectReferences;ResolveAssemblyReferences;ResolveComReferences;ResolveNativeReferences;ResolveSdkReferences;ResolveFrameworkReferences;ResolvePackageDependenciesDesignTime;DesignTimeMarkupCompilation;Compile;CoreCompile;XamlMarkupCompilePass1
10:57:52.879 |I| ProjectModel                   | RequestBuilder thread:6        | Project 'Unity.VisualScripting.Shared.Editor.csproj' has load-time sensitive targets: XamlMarkupCompilePass1
10:57:52.879 |I| BuildQueue                     | RequestBuilder thread:6        | Build immediately: Unity.VisualScripting.Shared.Editor.csproj
10:57:52.879 |I| Build                          | RequestBuilder thread:6        | Start build 'Unity.VisualScripting.Shared.Editor.csproj' with 1 target frameworks
10:57:52.881 |I| Build                          | RequestBuilder thread:6        | Targets for build: _CheckForInvalidConfigurationAndPlatform;CollectCentralPackageVersions;ResolveReferences;ResolveProjectReferences;ResolveAssemblyReferences;ResolveComReferences;ResolveNativeReferences;ResolveSdkReferences;ResolveFrameworkReferences;ResolvePackageDependenciesDesignTime;DesignTimeMarkupCompilation;Compile;CoreCompile;XamlMarkupCompilePass1
10:57:52.881 |I| ProjectModel                   | RequestBuilder thread:6        | Project 'Unity.Rider.Editor.csproj' has load-time sensitive targets: XamlMarkupCompilePass1
10:57:52.881 |I| BuildQueue                     | RequestBuilder thread:6        | Build immediately: Unity.Rider.Editor.csproj
10:57:52.881 |I| Build                          | RequestBuilder thread:6        | Start build 'Unity.Rider.Editor.csproj' with 1 target frameworks
10:57:52.911 |I| Build                          | RequestBuilder thread:6        | Targets for build: _CheckForInvalidConfigurationAndPlatform;CollectCentralPackageVersions;ResolveReferences;ResolveProjectReferences;ResolveAssemblyReferences;ResolveComReferences;ResolveNativeReferences;ResolveSdkReferences;ResolveFrameworkReferences;ResolvePackageDependenciesDesignTime;DesignTimeMarkupCompilation;Compile;CoreCompile;XamlMarkupCompilePass1
10:57:52.911 |I| ProjectModel                   | RequestBuilder thread:6        | Project 'Unity.XR.CoreUtils.Player.csproj' has load-time sensitive targets: XamlMarkupCompilePass1
10:57:52.911 |I| BuildQueue                     | RequestBuilder thread:6        | Build immediately: Unity.XR.CoreUtils.Player.csproj
10:57:52.911 |I| Build                          | RequestBuilder thread:6        | Start build 'Unity.XR.CoreUtils.Player.csproj' with 1 target frameworks
10:57:52.913 |I| Build                          | RequestBuilder thread:6        | Targets for build: _CheckForInvalidConfigurationAndPlatform;CollectCentralPackageVersions;ResolveReferences;ResolveProjectReferences;ResolveAssemblyReferences;ResolveComReferences;ResolveNativeReferences;ResolveSdkReferences;ResolveFrameworkReferences;ResolvePackageDependenciesDesignTime;DesignTimeMarkupCompilation;Compile;CoreCompile;XamlMarkupCompilePass1
10:57:52.913 |I| ProjectModel                   | RequestBuilder thread:6        | Project 'Unity.XR.CoreUtils.csproj' has load-time sensitive targets: XamlMarkupCompilePass1
10:57:52.913 |I| BuildQueue                     | RequestBuilder thread:6        | Build immediately: Unity.XR.CoreUtils.csproj
10:57:52.914 |I| Build                          | RequestBuilder thread:6        | Start build 'Unity.XR.CoreUtils.csproj' with 1 target frameworks
10:57:52.916 |I| Build                          | RequestBuilder thread:6        | Targets for build: _CheckForInvalidConfigurationAndPlatform;CollectCentralPackageVersions;ResolveReferences;ResolveProjectReferences;ResolveAssemblyReferences;ResolveComReferences;ResolveNativeReferences;ResolveSdkReferences;ResolveFrameworkReferences;ResolvePackageDependenciesDesignTime;DesignTimeMarkupCompilation;Compile;CoreCompile;XamlMarkupCompilePass1
10:57:52.916 |I| ProjectModel                   | RequestBuilder thread:6        | Project 'Unity.XR.Management.Player.csproj' has load-time sensitive targets: XamlMarkupCompilePass1
10:57:52.916 |I| BuildQueue                     | RequestBuilder thread:6        | Build immediately: Unity.XR.Management.Player.csproj
10:57:52.916 |I| Build                          | RequestBuilder thread:6        | Start build 'Unity.XR.Management.Player.csproj' with 1 target frameworks
10:57:52.917 |I| Build                          | RequestBuilder thread:6        | Targets for build: _CheckForInvalidConfigurationAndPlatform;CollectCentralPackageVersions;ResolveReferences;ResolveProjectReferences;ResolveAssemblyReferences;ResolveComReferences;ResolveNativeReferences;ResolveSdkReferences;ResolveFrameworkReferences;ResolvePackageDependenciesDesignTime;DesignTimeMarkupCompilation;Compile;CoreCompile;XamlMarkupCompilePass1
10:57:52.918 |I| ProjectModel                   | RequestBuilder thread:6        | Project 'Unity.XR.Interaction.Toolkit.Samples.StarterAssets.Player.csproj' has load-time sensitive targets: XamlMarkupCompilePass1
10:57:52.918 |I| BuildQueue                     | RequestBuilder thread:6        | Build immediately: Unity.XR.Interaction.Toolkit.Samples.StarterAssets.Player.csproj
10:57:52.918 |I| Build                          | RequestBuilder thread:6        | Start build 'Unity.XR.Interaction.Toolkit.Samples.StarterAssets.Player.csproj' with 1 target frameworks
10:57:52.919 |I| Build                          | RequestBuilder thread:6        | Targets for build: _CheckForInvalidConfigurationAndPlatform;CollectCentralPackageVersions;ResolveReferences;ResolveProjectReferences;ResolveAssemblyReferences;ResolveComReferences;ResolveNativeReferences;ResolveSdkReferences;ResolveFrameworkReferences;ResolvePackageDependenciesDesignTime;DesignTimeMarkupCompilation;Compile;CoreCompile;XamlMarkupCompilePass1
10:57:52.921 |I| ProjectModel                   | RequestBuilder thread:6        | Project 'Unity.XR.Management.csproj' has load-time sensitive targets: XamlMarkupCompilePass1
10:57:52.921 |I| BuildQueue                     | RequestBuilder thread:6        | Build immediately: Unity.XR.Management.csproj
10:57:52.921 |I| Build                          | RequestBuilder thread:6        | Start build 'Unity.XR.Management.csproj' with 1 target frameworks
10:57:52.922 |I| Build                          | RequestBuilder thread:6        | Targets for build: _CheckForInvalidConfigurationAndPlatform;CollectCentralPackageVersions;ResolveReferences;ResolveProjectReferences;ResolveAssemblyReferences;ResolveComReferences;ResolveNativeReferences;ResolveSdkReferences;ResolveFrameworkReferences;ResolvePackageDependenciesDesignTime;DesignTimeMarkupCompilation;Compile;CoreCompile;XamlMarkupCompilePass1
10:57:52.922 |I| ProjectModel                   | RequestBuilder thread:6        | Project 'Unity.XR.CoreUtils.Editor.csproj' has load-time sensitive targets: XamlMarkupCompilePass1
10:57:52.922 |I| BuildQueue                     | RequestBuilder thread:6        | Build immediately: Unity.XR.CoreUtils.Editor.csproj
10:57:52.922 |I| Build                          | RequestBuilder thread:6        | Start build 'Unity.XR.CoreUtils.Editor.csproj' with 1 target frameworks
10:57:52.923 |I| Build                          | RequestBuilder thread:6        | Targets for build: _CheckForInvalidConfigurationAndPlatform;CollectCentralPackageVersions;ResolveReferences;ResolveProjectReferences;ResolveAssemblyReferences;ResolveComReferences;ResolveNativeReferences;ResolveSdkReferences;ResolveFrameworkReferences;ResolvePackageDependenciesDesignTime;DesignTimeMarkupCompilation;Compile;CoreCompile;XamlMarkupCompilePass1
10:57:52.923 |I| ProjectModel                   | RequestBuilder thread:6        | Project 'Unity.XR.Hands.Player.csproj' has load-time sensitive targets: XamlMarkupCompilePass1
10:57:52.924 |I| BuildQueue                     | RequestBuilder thread:6        | Build immediately: Unity.XR.Hands.Player.csproj
10:57:52.924 |I| Build                          | RequestBuilder thread:6        | Start build 'Unity.XR.Hands.Player.csproj' with 1 target frameworks
10:57:52.925 |I| Build                          | RequestBuilder thread:6        | Targets for build: _CheckForInvalidConfigurationAndPlatform;CollectCentralPackageVersions;ResolveReferences;ResolveProjectReferences;ResolveAssemblyReferences;ResolveComReferences;ResolveNativeReferences;ResolveSdkReferences;ResolveFrameworkReferences;ResolvePackageDependenciesDesignTime;DesignTimeMarkupCompilation;Compile;CoreCompile;XamlMarkupCompilePass1
10:57:52.925 |I| ProjectModel                   | RequestBuilder thread:6        | Project 'Unity.InputSystem.TestFramework.Player.csproj' has load-time sensitive targets: XamlMarkupCompilePass1
10:57:52.925 |I| BuildQueue                     | RequestBuilder thread:6        | Build immediately: Unity.InputSystem.TestFramework.Player.csproj
10:57:52.925 |I| Build                          | RequestBuilder thread:6        | Start build 'Unity.InputSystem.TestFramework.Player.csproj' with 1 target frameworks
10:57:52.926 |I| Build                          | RequestBuilder thread:6        | Targets for build: _CheckForInvalidConfigurationAndPlatform;CollectCentralPackageVersions;ResolveReferences;ResolveProjectReferences;ResolveAssemblyReferences;ResolveComReferences;ResolveNativeReferences;ResolveSdkReferences;ResolveFrameworkReferences;ResolvePackageDependenciesDesignTime;DesignTimeMarkupCompilation;Compile;CoreCompile;XamlMarkupCompilePass1
10:57:53.439 |I| Build                          | :16                            | Finish build part [1/1] for project 'UnityEngine.XR.LegacyInputHelpers.Player.csproj': Success
10:57:53.439 |I| Build                          | :16                            | Finish build project 'UnityEngine.XR.LegacyInputHelpers.Player.csproj': Success
10:57:53.555 |I| Build                          | :25                            | Finish build part [1/1] for project 'Unity.Timeline.Player.csproj': Success
10:57:53.555 |I| Build                          | :25                            | Finish build project 'Unity.Timeline.Player.csproj': Success
10:57:53.678 |I| Build                          | :25                            | Finish build part [1/1] for project 'Unity.InputSystem.TestFramework.Player.csproj': Success
10:57:53.678 |I| Build                          | :25                            | Finish build project 'Unity.InputSystem.TestFramework.Player.csproj': Success
10:57:53.812 |I| Build                          | :25                            | Finish build part [1/1] for project 'Unity.XR.Hands.Player.csproj': Success
10:57:53.812 |I| Build                          | :25                            | Finish build project 'Unity.XR.Hands.Player.csproj': Success
10:57:54.221 |I| Build                          | :15                            | Finish build part [1/1] for project 'Unity.Performance.Profile-Analyzer.Editor.csproj': Success
10:57:54.221 |I| Build                          | :15                            | Finish build project 'Unity.Performance.Profile-Analyzer.Editor.csproj': Success
10:57:54.432 |I| Build                          | :27                            | Finish build part [1/1] for project 'Unity.XR.CoreUtils.Editor.csproj': Success
10:57:54.432 |I| Build                          | :27                            | Finish build project 'Unity.XR.CoreUtils.Editor.csproj': Success
10:57:54.587 |I| Build                          | :28                            | Finish build part [1/1] for project 'Unity.XR.Management.csproj': Success
10:57:54.587 |I| Build                          | :28                            | Finish build project 'Unity.XR.Management.csproj': Success
10:57:54.739 |I| Build                          | :28                            | Finish build part [1/1] for project 'Unity.XR.Interaction.Toolkit.Samples.StarterAssets.Player.csproj': Success
10:57:54.739 |I| Build                          | :28                            | Finish build project 'Unity.XR.Interaction.Toolkit.Samples.StarterAssets.Player.csproj': Success
10:57:54.877 |I| Build                          | :32                            | Finish build part [1/1] for project 'Unity.XR.Management.Player.csproj': Success
10:57:54.877 |I| Build                          | :32                            | Finish build project 'Unity.XR.Management.Player.csproj': Success
10:57:55.023 |I| Build                          | :45                            | Finish build part [1/1] for project 'Unity.XR.CoreUtils.csproj': Success
10:57:55.023 |I| Build                          | :45                            | Finish build project 'Unity.XR.CoreUtils.csproj': Success
10:57:55.179 |I| Build                          | :35                            | Finish build part [1/1] for project 'Unity.XR.CoreUtils.Player.csproj': Success
10:57:55.179 |I| Build                          | :35                            | Finish build project 'Unity.XR.CoreUtils.Player.csproj': Success
10:57:55.325 |I| Build                          | :40                            | Finish build part [1/1] for project 'Unity.Rider.Editor.csproj': Success
10:57:55.325 |I| Build                          | :40                            | Finish build project 'Unity.Rider.Editor.csproj': Success
10:57:55.505 |I| Build                          | :4                             | Finish build part [1/1] for project 'Unity.VisualScripting.SettingsProvider.Editor.csproj': Success
10:57:55.505 |I| Build                          | :4                             | Finish build project 'Unity.VisualScripting.SettingsProvider.Editor.csproj': Success
10:57:55.635 |I| Build                          | :15                            | Finish build part [1/1] for project 'Unity.VisualScripting.Shared.Editor.csproj': Success
10:57:55.635 |I| Build                          | :15                            | Finish build project 'Unity.VisualScripting.Shared.Editor.csproj': Success
10:57:55.761 |I| Build                          | :31                            | Finish build part [1/1] for project 'Unity.TestTools.CodeCoverage.Editor.OpenCover.Mono.Reflection.csproj': Success
10:57:55.761 |I| Build                          | :31                            | Finish build project 'Unity.TestTools.CodeCoverage.Editor.OpenCover.Mono.Reflection.csproj': Success
10:57:55.876 |I| Build                          | :3                             | Finish build part [1/1] for project 'Unity.Timeline.csproj': Success
10:57:55.876 |I| Build                          | :3                             | Finish build project 'Unity.Timeline.csproj': Success
10:57:56.014 |I| Build                          | :10                            | Finish build part [1/1] for project 'Unity.TestTools.CodeCoverage.Editor.csproj': Success
10:57:56.014 |I| Build                          | :10                            | Finish build project 'Unity.TestTools.CodeCoverage.Editor.csproj': Success
10:57:56.132 |I| Build                          | :14                            | Finish build part [1/1] for project 'UnityEditor.TestRunner.csproj': Success
10:57:56.132 |I| Build                          | :14                            | Finish build project 'UnityEditor.TestRunner.csproj': Success
10:57:56.260 |I| Build                          | :30                            | Finish build part [1/1] for project 'Unity.XR.Hands.Editor.csproj': Success
10:57:56.260 |I| Build                          | :30                            | Finish build project 'Unity.XR.Hands.Editor.csproj': Success
10:57:56.377 |I| Build                          | :27                            | Finish build part [1/1] for project 'Unity.TextMeshPro.csproj': Success
10:57:56.377 |I| Build                          | :27                            | Finish build project 'Unity.TextMeshPro.csproj': Success
10:57:56.494 |I| Build                          | :30                            | Finish build part [1/1] for project 'Unity.TextMeshPro.Player.csproj': Success
10:57:56.494 |I| Build                          | :30                            | Finish build project 'Unity.TextMeshPro.Player.csproj': Success
10:57:56.710 |I| Build                          | :30                            | Finish build part [1/1] for project 'Assembly-CSharp.csproj': Success
10:57:56.710 |I| Build                          | :30                            | Finish build project 'Assembly-CSharp.csproj': Success
10:57:56.875 |I| Build                          | :27                            | Finish build part [1/1] for project 'Assembly-CSharp.Player.csproj': Success
10:57:56.877 |I| Build                          | :27                            | Finish build project 'Assembly-CSharp.Player.csproj': Success
10:57:57.021 |I| Build                          | :37                            | Finish build part [1/1] for project 'Unity.XR.Oculus.Editor.csproj': Success
10:57:57.021 |I| Build                          | :37                            | Finish build project 'Unity.XR.Oculus.Editor.csproj': Success
10:57:57.135 |I| Build                          | :14                            | Finish build part [1/1] for project 'Unity.XR.Oculus.csproj': Success
10:57:57.135 |I| Build                          | :14                            | Finish build project 'Unity.XR.Oculus.csproj': Success
10:57:57.250 |I| Build                          | :37                            | Finish build part [1/1] for project 'Unity.TextMeshPro.Editor.csproj': Success
10:57:57.250 |I| Build                          | :37                            | Finish build project 'Unity.TextMeshPro.Editor.csproj': Success
10:57:57.354 |I| Build                          | :34                            | Finish build part [1/1] for project 'Unity.XR.Oculus.Player.csproj': Success
10:57:57.354 |I| Build                          | :34                            | Finish build project 'Unity.XR.Oculus.Player.csproj': Success
10:57:57.468 |I| Build                          | :14                            | Finish build part [1/1] for project 'UnityEditor.XR.LegacyInputHelpers.csproj': Success
10:57:57.468 |I| Build                          | :14                            | Finish build project 'UnityEditor.XR.LegacyInputHelpers.csproj': Success
10:57:57.575 |I| Build                          | :36                            | Finish build part [1/1] for project 'Unity.XR.Interaction.Toolkit.Editor.csproj': Success
10:57:57.575 |I| Build                          | :36                            | Finish build project 'Unity.XR.Interaction.Toolkit.Editor.csproj': Success
10:57:57.679 |I| Build                          | :15                            | Finish build part [1/1] for project 'UnityEngine.XR.LegacyInputHelpers.csproj': Success
10:57:57.679 |I| Build                          | :15                            | Finish build project 'UnityEngine.XR.LegacyInputHelpers.csproj': Success
10:57:57.785 |I| Build                          | :26                            | Finish build part [1/1] for project 'Unity.Mathematics.Editor.csproj': Success
10:57:57.785 |I| Build                          | :26                            | Finish build project 'Unity.Mathematics.Editor.csproj': Success
10:57:57.896 |I| Build                          | :10                            | Finish build part [1/1] for project 'Unity.VisualScripting.Core.csproj': Success
10:57:57.896 |I| Build                          | :10                            | Finish build project 'Unity.VisualScripting.Core.csproj': Success
10:57:58.011 |I| Build                          | :16                            | Finish build part [1/1] for project 'Unity.VisualScripting.Core.Player.csproj': Success
10:57:58.011 |I| Build                          | :16                            | Finish build project 'Unity.VisualScripting.Core.Player.csproj': Success
10:57:58.131 |I| Build                          | :4                             | Finish build part [1/1] for project 'Unity.CollabProxy.Editor.csproj': Success
10:57:58.131 |I| Build                          | :4                             | Finish build project 'Unity.CollabProxy.Editor.csproj': Success
10:57:58.248 |I| Build                          | :4                             | Finish build part [1/1] for project 'Unity.VisualScripting.State.Editor.csproj': Success
10:57:58.248 |I| Build                          | :4                             | Finish build project 'Unity.VisualScripting.State.Editor.csproj': Success
10:57:58.351 |I| Build                          | :10                            | Finish build part [1/1] for project 'JetBrains.Frontend.2021.2.csproj': Success
10:57:58.351 |I| Build                          | :10                            | Finish build project 'JetBrains.Frontend.2021.2.csproj': Success
10:57:58.440 |I| Build                          | :32                            | Finish build part [1/1] for project 'Unity.VisualScripting.State.Player.csproj': Success
10:57:58.441 |I| Build                          | :32                            | Finish build project 'Unity.VisualScripting.State.Player.csproj': Success
10:57:58.536 |I| Build                          | :14                            | Finish build part [1/1] for project 'Unity.VisualScripting.State.csproj': Success
10:57:58.536 |I| Build                          | :14                            | Finish build project 'Unity.VisualScripting.State.csproj': Success
10:57:58.633 |I| Build                          | :14                            | Finish build part [1/1] for project 'Unity.Timeline.Editor.csproj': Success
10:57:58.634 |I| Build                          | :14                            | Finish build project 'Unity.Timeline.Editor.csproj': Success
10:57:58.731 |I| Build                          | :42                            | Finish build part [1/1] for project 'Unity.InputSystem.Player.csproj': Success
10:57:58.731 |I| Build                          | :42                            | Finish build project 'Unity.InputSystem.Player.csproj': Success
10:57:58.828 |I| Build                          | :10                            | Finish build part [1/1] for project 'Unity.InputSystem.csproj': Success
10:57:58.828 |I| Build                          | :10                            | Finish build project 'Unity.InputSystem.csproj': Success
10:57:58.950 |I| Build                          | :14                            | Finish build part [1/1] for project 'Unity.VisualStudio.Editor.csproj': Success
10:57:58.950 |I| Build                          | :14                            | Finish build project 'Unity.VisualStudio.Editor.csproj': Success
10:57:59.053 |I| Build                          | :36                            | Finish build part [1/1] for project 'UnityEditor.SpatialTracking.csproj': Success
10:57:59.054 |I| Build                          | :36                            | Finish build project 'UnityEditor.SpatialTracking.csproj': Success
10:57:59.172 |I| Build                          | :16                            | Finish build part [1/1] for project 'Unity.VisualScripting.Flow.Editor.csproj': Success
10:57:59.173 |I| Build                          | :16                            | Finish build project 'Unity.VisualScripting.Flow.Editor.csproj': Success
10:57:59.276 |I| Build                          | :16                            | Finish build part [1/1] for project 'Unity.Mathematics.csproj': Success
10:57:59.276 |I| Build                          | :16                            | Finish build project 'Unity.Mathematics.csproj': Success
10:57:59.379 |I| Build                          | :16                            | Finish build part [1/1] for project 'Unity.Settings.Editor.csproj': Success
10:57:59.379 |I| Build                          | :16                            | Finish build project 'Unity.Settings.Editor.csproj': Success
10:57:59.472 |I| Build                          | :34                            | Finish build part [1/1] for project 'Unity.Mathematics.Player.csproj': Success
10:57:59.472 |I| Build                          | :34                            | Finish build project 'Unity.Mathematics.Player.csproj': Success
10:57:59.589 |I| Build                          | :26                            | Finish build part [1/1] for project 'Unity.VisualScripting.Core.Editor.csproj': Success
10:57:59.589 |I| Build                          | :26                            | Finish build project 'Unity.VisualScripting.Core.Editor.csproj': Success
10:57:59.693 |I| Build                          | :25                            | Finish build part [1/1] for project 'Unity.EditorCoroutines.Editor.csproj': Success
10:57:59.693 |I| Build                          | :25                            | Finish build project 'Unity.EditorCoroutines.Editor.csproj': Success
10:57:59.827 |I| Build                          | :4                             | Finish build part [1/1] for project 'Unity.XR.Interaction.Toolkit.csproj': Success
10:57:59.827 |I| Build                          | :4                             | Finish build project 'Unity.XR.Interaction.Toolkit.csproj': Success
10:57:59.962 |I| Build                          | :26                            | Finish build part [1/1] for project 'Unity.XR.Interaction.Toolkit.Player.csproj': Success
10:57:59.962 |I| Build                          | :26                            | Finish build project 'Unity.XR.Interaction.Toolkit.Player.csproj': Success
10:58:00.086 |I| Build                          | :21                            | Finish build part [1/1] for project 'Unity.TestTools.CodeCoverage.Editor.OpenCover.Model.csproj': Success
10:58:00.086 |I| Build                          | :21                            | Finish build project 'Unity.TestTools.CodeCoverage.Editor.OpenCover.Model.csproj': Success
10:58:00.191 |I| Build                          | :16                            | Finish build part [1/1] for project 'Unity.VisualScripting.Flow.Player.csproj': Success
10:58:00.191 |I| Build                          | :16                            | Finish build project 'Unity.VisualScripting.Flow.Player.csproj': Success
10:58:00.325 |I| Build                          | :14                            | Finish build part [1/1] for project 'Unity.VisualScripting.Flow.csproj': Success
10:58:00.325 |I| Build                          | :14                            | Finish build project 'Unity.VisualScripting.Flow.csproj': Success
10:58:00.447 |I| Build                          | :34                            | Finish build part [1/1] for project 'Unity.PlasticSCM.Editor.csproj': Success
10:58:00.447 |I| Build                          | :34                            | Finish build project 'Unity.PlasticSCM.Editor.csproj': Success
10:58:00.554 |I| Build                          | :16                            | Finish build part [1/1] for project 'UnityEditor.UI.csproj': Success
10:58:00.554 |I| Build                          | :16                            | Finish build project 'UnityEditor.UI.csproj': Success
10:58:00.646 |I| Build                          | :21                            | Finish build part [1/1] for project 'UnityEngine.TestRunner.csproj': Success
10:58:00.646 |I| Build                          | :21                            | Finish build project 'UnityEngine.TestRunner.csproj': Success
10:58:00.736 |I| Build                          | :41                            | Finish build part [1/1] for project 'UnityEngine.TestRunner.Player.csproj': Success
10:58:00.736 |I| Build                          | :41                            | Finish build project 'UnityEngine.TestRunner.Player.csproj': Success
10:58:00.839 |I| Build                          | :33                            | Finish build part [1/1] for project 'Unity.InputSystem.TestFramework.csproj': Success
10:58:00.839 |I| Build                          | :33                            | Finish build project 'Unity.InputSystem.TestFramework.csproj': Success
10:58:00.945 |I| Build                          | :38                            | Finish build part [1/1] for project 'Unity.VSCode.Editor.csproj': Success
10:58:00.945 |I| Build                          | :38                            | Finish build project 'Unity.VSCode.Editor.csproj': Success
10:58:01.052 |I| Build                          | :39                            | Finish build part [1/1] for project 'UnityEngine.UI.csproj': Success
10:58:01.052 |I| Build                          | :39                            | Finish build project 'UnityEngine.UI.csproj': Success
10:58:01.146 |I| Build                          | :36                            | Finish build part [1/1] for project 'UnityEngine.UI.Player.csproj': Success
10:58:01.146 |I| Build                          | :36                            | Finish build project 'UnityEngine.UI.Player.csproj': Success
10:58:01.259 |I| Build                          | :15                            | Finish build part [1/1] for project 'Unity.XR.Management.Editor.csproj': Success
10:58:01.259 |I| Build                          | :15                            | Finish build project 'Unity.XR.Management.Editor.csproj': Success
10:58:01.366 |I| Build                          | :42                            | Finish build part [1/1] for project 'Unity.XR.Hands.csproj': Success
10:58:01.366 |I| Build                          | :42                            | Finish build project 'Unity.XR.Hands.csproj': Success
10:58:01.466 |I| Build                          | :31                            | Finish build part [1/1] for project 'UnityEngine.SpatialTracking.Player.csproj': Success
10:58:01.466 |I| Build                          | :31                            | Finish build project 'UnityEngine.SpatialTracking.Player.csproj': Success
10:58:01.573 |I| Build                          | :34                            | Finish build part [1/1] for project 'UnityEngine.SpatialTracking.csproj': Success
10:58:01.573 |I| Build                          | :34                            | Finish build project 'UnityEngine.SpatialTracking.csproj': Success
10:58:01.669 |I| Build                          | :26                            | Finish build part [1/1] for project 'Unity.XR.Interaction.Toolkit.Samples.StarterAssets.csproj': Success
10:58:01.669 |I| Build                          | :26                            | Finish build project 'Unity.XR.Interaction.Toolkit.Samples.StarterAssets.csproj': Success
10:58:01.688 |I| Build                          | :42                            | Build succeeded.
10:58:01.691 |I| ProjectModel                   | RequestBuilder thread:6        | Reloading has finished, statistic: 
	Total: 10.27 sec
	Binding: 0.62 sec
	Evaluation: 3.77 sec
